2025-12-23 15:10:14,631 - INFO - Git 仓库初始化成功: realistic-contributions-2025-12-23-15-10-14
2025-12-23 15:10:14,632 - INFO - 开始生成真实贡献模式，时间范围: 2022-02-22 到 2025-12-23
2025-12-23 15:10:14,632 - INFO - 生成 2022-02-22 的 3 次提交
2025-12-23 15:10:14,672 - INFO - 生成 2022-02-23 的 2 次提交
2025-12-23 15:10:14,698 - INFO - 生成 2022-02-24 的 3 次提交
2025-12-23 15:10:14,725 - INFO - 生成 2022-02-25 的 5 次提交
2025-12-23 15:10:14,769 - INFO - 生成 2022-02-26 的 3 次提交
2025-12-23 15:10:14,798 - INFO - 中断期: 2022-02-27 到 2022-03-01 (3 天)
2025-12-23 15:10:14,799 - INFO - 生成 2022-03-02 的 3 次提交
2025-12-23 15:10:14,824 - INFO - 生成 2022-03-03 的 3 次提交
2025-12-23 15:10:14,852 - INFO - 生成 2022-03-04 的 5 次提交
2025-12-23 15:10:14,900 - INFO - 生成 2022-03-05 的 4 次提交
2025-12-23 15:10:14,936 - INFO - 生成 2022-03-06 的 4 次提交
2025-12-23 15:10:14,975 - INFO - 生成 2022-03-07 的 5 次提交
2025-12-23 15:10:15,020 - INFO - 生成 2022-03-08 的 4 次提交
2025-12-23 15:10:15,058 - INFO - 中断期: 2022-03-09 到 2022-03-09 (1 天)
2025-12-23 15:10:15,059 - INFO - 生成 2022-03-10 的 3 次提交
2025-12-23 15:10:15,085 - INFO - 生成 2022-03-11 的 2 次提交
2025-12-23 15:10:15,103 - INFO - 生成 2022-03-12 的 2 次提交
2025-12-23 15:10:15,121 - INFO - 生成 2022-03-13 的 1 次提交
2025-12-23 15:10:15,131 - INFO - 生成 2022-03-14 的 2 次提交
2025-12-23 15:10:15,153 - INFO - 中断期: 2022-03-15 到 2022-03-17 (3 天)
2025-12-23 15:10:15,153 - INFO - 生成 2022-03-18 的 2 次提交
2025-12-23 15:10:15,173 - INFO - 生成 2022-03-19 的 1 次提交
2025-12-23 15:10:15,182 - INFO - 生成 2022-03-20 的 2 次提交
2025-12-23 15:10:15,202 - INFO - 生成 2022-03-21 的 3 次提交
2025-12-23 15:10:15,231 - INFO - 生成 2022-03-22 的 1 次提交
2025-12-23 15:10:15,242 - INFO - 生成 2022-03-23 的 3 次提交
2025-12-23 15:10:15,271 - INFO - 中断期: 2022-03-24 到 2022-03-25 (2 天)
2025-12-23 15:10:15,271 - INFO - 生成 2022-03-26 的 3 次提交
2025-12-23 15:10:15,304 - INFO - 生成 2022-03-27 的 4 次提交
2025-12-23 15:10:15,342 - INFO - 生成 2022-03-28 的 1 次提交
2025-12-23 15:10:15,354 - INFO - 生成 2022-03-29 的 5 次提交
2025-12-23 15:10:15,398 - INFO - 生成 2022-03-30 的 4 次提交
2025-12-23 15:10:15,463 - INFO - 中断期: 2022-03-31 到 2022-04-01 (2 天)
2025-12-23 15:10:15,463 - INFO - 生成 2022-04-02 的 4 次提交
2025-12-23 15:10:15,518 - INFO - 生成 2022-04-03 的 4 次提交
2025-12-23 15:10:15,558 - INFO - 生成 2022-04-04 的 1 次提交
2025-12-23 15:10:15,567 - INFO - 生成 2022-04-05 的 5 次提交
2025-12-23 15:10:15,618 - INFO - 生成 2022-04-06 的 5 次提交
2025-12-23 15:10:15,681 - INFO - 生成 2022-04-07 的 1 次提交
2025-12-23 15:10:15,690 - INFO - 生成 2022-04-08 的 5 次提交
2025-12-23 15:10:15,737 - INFO - 中断期: 2022-04-09 到 2022-04-10 (2 天)
2025-12-23 15:10:15,737 - INFO - 生成 2022-04-11 的 2 次提交
2025-12-23 15:10:15,766 - INFO - 生成 2022-04-12 的 5 次提交
2025-12-23 15:10:15,832 - INFO - 生成 2022-04-13 的 3 次提交
2025-12-23 15:10:15,860 - INFO - 生成 2022-04-14 的 4 次提交
2025-12-23 15:10:15,897 - INFO - 生成 2022-04-15 的 2 次提交
2025-12-23 15:10:15,915 - INFO - 中断期: 2022-04-16 到 2022-04-17 (2 天)
2025-12-23 15:10:15,915 - INFO - 生成 2022-04-18 的 4 次提交
2025-12-23 15:10:15,954 - INFO - 生成 2022-04-19 的 1 次提交
2025-12-23 15:10:15,964 - INFO - 生成 2022-04-20 的 4 次提交
2025-12-23 15:10:16,000 - INFO - 生成 2022-04-21 的 5 次提交
2025-12-23 15:10:16,064 - INFO - 生成 2022-04-22 的 3 次提交
2025-12-23 15:10:16,092 - INFO - 中断期: 2022-04-23 到 2022-04-23 (1 天)
2025-12-23 15:10:16,093 - INFO - 生成 2022-04-24 的 1 次提交
2025-12-23 15:10:16,102 - INFO - 生成 2022-04-25 的 4 次提交
2025-12-23 15:10:16,192 - INFO - 生成 2022-04-26 的 4 次提交
2025-12-23 15:10:16,236 - INFO - 生成 2022-04-27 的 3 次提交
2025-12-23 15:10:16,272 - INFO - 生成 2022-04-28 的 1 次提交
2025-12-23 15:10:16,284 - INFO - 中断期: 2022-04-29 到 2022-05-01 (3 天)
2025-12-23 15:10:16,284 - INFO - 生成 2022-05-02 的 5 次提交
2025-12-23 15:10:16,339 - INFO - 生成 2022-05-03 的 2 次提交
2025-12-23 15:10:16,359 - INFO - 生成 2022-05-04 的 2 次提交
2025-12-23 15:10:16,378 - INFO - 生成 2022-05-05 的 3 次提交
2025-12-23 15:10:16,408 - INFO - 生成 2022-05-06 的 1 次提交
2025-12-23 15:10:16,419 - INFO - 中断期: 2022-05-07 到 2022-05-07 (1 天)
2025-12-23 15:10:16,419 - INFO - 生成 2022-05-08 的 4 次提交
2025-12-23 15:10:16,456 - INFO - 生成 2022-05-09 的 5 次提交
2025-12-23 15:10:16,502 - INFO - 生成 2022-05-10 的 1 次提交
2025-12-23 15:10:16,513 - INFO - 生成 2022-05-11 的 2 次提交
2025-12-23 15:10:16,544 - INFO - 生成 2022-05-12 的 1 次提交
2025-12-23 15:10:16,555 - INFO - 中断期: 2022-05-13 到 2022-05-13 (1 天)
2025-12-23 15:10:16,556 - INFO - 生成 2022-05-14 的 3 次提交
2025-12-23 15:10:16,589 - INFO - 生成 2022-05-15 的 2 次提交
2025-12-23 15:10:16,609 - INFO - 生成 2022-05-16 的 4 次提交
2025-12-23 15:10:16,659 - INFO - 生成 2022-05-17 的 5 次提交
2025-12-23 15:10:16,722 - INFO - 生成 2022-05-18 的 5 次提交
2025-12-23 15:10:16,789 - INFO - 生成 2022-05-19 的 2 次提交
2025-12-23 15:10:16,810 - INFO - 中断期: 2022-05-20 到 2022-05-21 (2 天)
2025-12-23 15:10:16,811 - INFO - 生成 2022-05-22 的 4 次提交
2025-12-23 15:10:16,851 - INFO - 生成 2022-05-23 的 1 次提交
2025-12-23 15:10:16,860 - INFO - 生成 2022-05-24 的 4 次提交
2025-12-23 15:10:16,899 - INFO - 生成 2022-05-25 的 3 次提交
2025-12-23 15:10:16,929 - INFO - 生成 2022-05-26 的 4 次提交
2025-12-23 15:10:16,966 - INFO - 中断期: 2022-05-27 到 2022-05-27 (1 天)
2025-12-23 15:10:16,966 - INFO - 生成 2022-05-28 的 5 次提交
2025-12-23 15:10:17,013 - INFO - 生成 2022-05-29 的 3 次提交
2025-12-23 15:10:17,044 - INFO - 生成 2022-05-30 的 4 次提交
2025-12-23 15:10:17,083 - INFO - 生成 2022-05-31 的 3 次提交
2025-12-23 15:10:17,110 - INFO - 生成 2022-06-01 的 5 次提交
2025-12-23 15:10:17,157 - INFO - 生成 2022-06-02 的 1 次提交
2025-12-23 15:10:17,167 - INFO - 中断期: 2022-06-03 到 2022-06-05 (3 天)
2025-12-23 15:10:17,167 - INFO - 生成 2022-06-06 的 1 次提交
2025-12-23 15:10:17,177 - INFO - 生成 2022-06-07 的 1 次提交
2025-12-23 15:10:17,186 - INFO - 生成 2022-06-08 的 2 次提交
2025-12-23 15:10:17,206 - INFO - 生成 2022-06-09 的 4 次提交
2025-12-23 15:10:17,246 - INFO - 生成 2022-06-10 的 1 次提交
2025-12-23 15:10:17,255 - INFO - 生成 2022-06-11 的 4 次提交
2025-12-23 15:10:17,295 - INFO - 生成 2022-06-12 的 5 次提交
2025-12-23 15:10:17,344 - INFO - 中断期: 2022-06-13 到 2022-06-15 (3 天)
2025-12-23 15:10:17,344 - INFO - 生成 2022-06-16 的 4 次提交
2025-12-23 15:10:17,383 - INFO - 生成 2022-06-17 的 5 次提交
2025-12-23 15:10:17,447 - INFO - 生成 2022-06-18 的 1 次提交
2025-12-23 15:10:17,458 - INFO - 生成 2022-06-19 的 5 次提交
2025-12-23 15:10:17,504 - INFO - 生成 2022-06-20 的 5 次提交
2025-12-23 15:10:17,550 - INFO - 中断期: 2022-06-21 到 2022-06-22 (2 天)
2025-12-23 15:10:17,550 - INFO - 生成 2022-06-23 的 5 次提交
2025-12-23 15:10:17,600 - INFO - 生成 2022-06-24 的 1 次提交
2025-12-23 15:10:17,613 - INFO - 生成 2022-06-25 的 5 次提交
2025-12-23 15:10:17,678 - INFO - 生成 2022-06-26 的 4 次提交
2025-12-23 15:10:17,729 - INFO - 生成 2022-06-27 的 5 次提交
2025-12-23 15:10:17,777 - INFO - 中断期: 2022-06-28 到 2022-06-30 (3 天)
2025-12-23 15:10:17,777 - INFO - 生成 2022-07-01 的 2 次提交
2025-12-23 15:10:17,799 - INFO - 生成 2022-07-02 的 5 次提交
2025-12-23 15:10:17,852 - INFO - 生成 2022-07-03 的 4 次提交
2025-12-23 15:10:17,892 - INFO - 生成 2022-07-04 的 5 次提交
2025-12-23 15:10:17,940 - INFO - 生成 2022-07-05 的 5 次提交
2025-12-23 15:10:17,986 - INFO - 生成 2022-07-06 的 3 次提交
2025-12-23 15:10:18,014 - INFO - 中断期: 2022-07-07 到 2022-07-07 (1 天)
2025-12-23 15:10:18,014 - INFO - 生成 2022-07-08 的 2 次提交
2025-12-23 15:10:18,032 - INFO - 生成 2022-07-09 的 2 次提交
2025-12-23 15:10:18,051 - INFO - 生成 2022-07-10 的 2 次提交
2025-12-23 15:10:18,069 - INFO - 生成 2022-07-11 的 2 次提交
2025-12-23 15:10:18,087 - INFO - 生成 2022-07-12 的 5 次提交
2025-12-23 15:10:18,134 - INFO - 生成 2022-07-13 的 3 次提交
2025-12-23 15:10:18,190 - INFO - 中断期: 2022-07-14 到 2022-07-15 (2 天)
2025-12-23 15:10:18,191 - INFO - 生成 2022-07-16 的 3 次提交
2025-12-23 15:10:18,242 - INFO - 生成 2022-07-17 的 5 次提交
2025-12-23 15:10:18,318 - INFO - 生成 2022-07-18 的 2 次提交
2025-12-23 15:10:18,350 - INFO - 生成 2022-07-19 的 2 次提交
2025-12-23 15:10:18,380 - INFO - 生成 2022-07-20 的 1 次提交
2025-12-23 15:10:18,395 - INFO - 生成 2022-07-21 的 3 次提交
2025-12-23 15:10:18,440 - INFO - 生成 2022-07-22 的 4 次提交
2025-12-23 15:10:18,478 - INFO - 中断期: 2022-07-23 到 2022-07-23 (1 天)
2025-12-23 15:10:18,478 - INFO - 生成 2022-07-24 的 4 次提交
2025-12-23 15:10:18,523 - INFO - 生成 2022-07-25 的 2 次提交
2025-12-23 15:10:18,546 - INFO - 生成 2022-07-26 的 5 次提交
2025-12-23 15:10:18,608 - INFO - 生成 2022-07-27 的 2 次提交
2025-12-23 15:10:18,631 - INFO - 生成 2022-07-28 的 1 次提交
2025-12-23 15:10:18,645 - INFO - 中断期: 2022-07-29 到 2022-07-31 (3 天)
2025-12-23 15:10:18,645 - INFO - 生成 2022-08-01 的 3 次提交
2025-12-23 15:10:18,674 - INFO - 生成 2022-08-02 的 5 次提交
2025-12-23 15:10:18,722 - INFO - 生成 2022-08-03 的 5 次提交
2025-12-23 15:10:18,772 - INFO - 生成 2022-08-04 的 2 次提交
2025-12-23 15:10:18,795 - INFO - 生成 2022-08-05 的 4 次提交
2025-12-23 15:10:18,848 - INFO - 生成 2022-08-06 的 1 次提交
2025-12-23 15:10:18,859 - INFO - 中断期: 2022-08-07 到 2022-08-07 (1 天)
2025-12-23 15:10:18,860 - INFO - 生成 2022-08-08 的 4 次提交
2025-12-23 15:10:18,901 - INFO - 生成 2022-08-09 的 3 次提交
2025-12-23 15:10:18,930 - INFO - 生成 2022-08-10 的 4 次提交
2025-12-23 15:10:18,968 - INFO - 生成 2022-08-11 的 1 次提交
2025-12-23 15:10:18,978 - INFO - 生成 2022-08-12 的 1 次提交
2025-12-23 15:10:18,989 - INFO - 中断期: 2022-08-13 到 2022-08-14 (2 天)
2025-12-23 15:10:18,989 - INFO - 生成 2022-08-15 的 2 次提交
2025-12-23 15:10:19,010 - INFO - 生成 2022-08-16 的 1 次提交
2025-12-23 15:10:19,019 - INFO - 生成 2022-08-17 的 3 次提交
2025-12-23 15:10:19,048 - INFO - 生成 2022-08-18 的 3 次提交
2025-12-23 15:10:19,076 - INFO - 中断期: 2022-08-19 到 2022-08-20 (2 天)
2025-12-23 15:10:19,076 - INFO - 生成 2022-08-21 的 2 次提交
2025-12-23 15:10:19,100 - INFO - 生成 2022-08-22 的 4 次提交
2025-12-23 15:10:19,140 - INFO - 生成 2022-08-23 的 1 次提交
2025-12-23 15:10:19,150 - INFO - 生成 2022-08-24 的 1 次提交
2025-12-23 15:10:19,162 - INFO - 生成 2022-08-25 的 5 次提交
2025-12-23 15:10:19,213 - INFO - 生成 2022-08-26 的 2 次提交
2025-12-23 15:10:19,232 - INFO - 中断期: 2022-08-27 到 2022-08-27 (1 天)
2025-12-23 15:10:19,232 - INFO - 生成 2022-08-28 的 4 次提交
2025-12-23 15:10:19,272 - INFO - 生成 2022-08-29 的 3 次提交
2025-12-23 15:10:19,299 - INFO - 生成 2022-08-30 的 2 次提交
2025-12-23 15:10:19,322 - INFO - 生成 2022-08-31 的 1 次提交
2025-12-23 15:10:19,332 - INFO - 生成 2022-09-01 的 5 次提交
2025-12-23 15:10:19,379 - INFO - 中断期: 2022-09-02 到 2022-09-02 (1 天)
2025-12-23 15:10:19,379 - INFO - 生成 2022-09-03 的 1 次提交
2025-12-23 15:10:19,389 - INFO - 生成 2022-09-04 的 2 次提交
2025-12-23 15:10:19,410 - INFO - 生成 2022-09-05 的 5 次提交
2025-12-23 15:10:19,457 - INFO - 生成 2022-09-06 的 3 次提交
2025-12-23 15:10:19,485 - INFO - 生成 2022-09-07 的 3 次提交
2025-12-23 15:10:19,516 - INFO - 生成 2022-09-08 的 3 次提交
2025-12-23 15:10:19,543 - INFO - 中断期: 2022-09-09 到 2022-09-11 (3 天)
2025-12-23 15:10:19,543 - INFO - 生成 2022-09-12 的 3 次提交
2025-12-23 15:10:19,574 - INFO - 生成 2022-09-13 的 3 次提交
2025-12-23 15:10:19,604 - INFO - 生成 2022-09-14 的 5 次提交
2025-12-23 15:10:19,652 - INFO - 生成 2022-09-15 的 1 次提交
2025-12-23 15:10:19,665 - INFO - 生成 2022-09-16 的 5 次提交
2025-12-23 15:10:19,714 - INFO - 生成 2022-09-17 的 3 次提交
2025-12-23 15:10:19,742 - INFO - 生成 2022-09-18 的 5 次提交
2025-12-23 15:10:19,790 - INFO - 中断期: 2022-09-19 到 2022-09-19 (1 天)
2025-12-23 15:10:19,790 - INFO - 生成 2022-09-20 的 1 次提交
2025-12-23 15:10:19,800 - INFO - 生成 2022-09-21 的 5 次提交
2025-12-23 15:10:19,850 - INFO - 生成 2022-09-22 的 5 次提交
2025-12-23 15:10:19,898 - INFO - 生成 2022-09-23 的 3 次提交
2025-12-23 15:10:19,930 - INFO - 生成 2022-09-24 的 5 次提交
2025-12-23 15:10:19,980 - INFO - 中断期: 2022-09-25 到 2022-09-27 (3 天)
2025-12-23 15:10:19,980 - INFO - 生成 2022-09-28 的 5 次提交
2025-12-23 15:10:20,027 - INFO - 生成 2022-09-29 的 5 次提交
2025-12-23 15:10:20,075 - INFO - 生成 2022-09-30 的 1 次提交
2025-12-23 15:10:20,085 - INFO - 生成 2022-10-01 的 1 次提交
2025-12-23 15:10:20,096 - INFO - 生成 2022-10-02 的 4 次提交
2025-12-23 15:10:20,133 - INFO - 中断期: 2022-10-03 到 2022-10-03 (1 天)
2025-12-23 15:10:20,133 - INFO - 生成 2022-10-04 的 4 次提交
2025-12-23 15:10:20,169 - INFO - 生成 2022-10-05 的 4 次提交
2025-12-23 15:10:20,214 - INFO - 生成 2022-10-06 的 2 次提交
2025-12-23 15:10:20,233 - INFO - 生成 2022-10-07 的 2 次提交
2025-12-23 15:10:20,254 - INFO - 生成 2022-10-08 的 1 次提交
2025-12-23 15:10:20,264 - INFO - 生成 2022-10-09 的 5 次提交
2025-12-23 15:10:20,322 - INFO - 中断期: 2022-10-10 到 2022-10-10 (1 天)
2025-12-23 15:10:20,322 - INFO - 生成 2022-10-11 的 5 次提交
2025-12-23 15:10:20,373 - INFO - 生成 2022-10-12 的 2 次提交
2025-12-23 15:10:20,396 - INFO - 生成 2022-10-13 的 3 次提交
2025-12-23 15:10:20,427 - INFO - 生成 2022-10-14 的 2 次提交
2025-12-23 15:10:20,448 - INFO - 中断期: 2022-10-15 到 2022-10-16 (2 天)
2025-12-23 15:10:20,448 - INFO - 生成 2022-10-17 的 2 次提交
2025-12-23 15:10:20,466 - INFO - 生成 2022-10-18 的 3 次提交
2025-12-23 15:10:20,498 - INFO - 生成 2022-10-19 的 1 次提交
2025-12-23 15:10:20,509 - INFO - 生成 2022-10-20 的 2 次提交
2025-12-23 15:10:20,529 - INFO - 生成 2022-10-21 的 2 次提交
2025-12-23 15:10:20,551 - INFO - 生成 2022-10-22 的 1 次提交
2025-12-23 15:10:20,561 - INFO - 生成 2022-10-23 的 5 次提交
2025-12-23 15:10:20,609 - INFO - 中断期: 2022-10-24 到 2022-10-26 (3 天)
2025-12-23 15:10:20,609 - INFO - 生成 2022-10-27 的 3 次提交
2025-12-23 15:10:20,639 - INFO - 生成 2022-10-28 的 5 次提交
2025-12-23 15:10:20,692 - INFO - 生成 2022-10-29 的 5 次提交
2025-12-23 15:10:20,739 - INFO - 生成 2022-10-30 的 5 次提交
2025-12-23 15:10:20,787 - INFO - 生成 2022-10-31 的 3 次提交
2025-12-23 15:10:20,818 - INFO - 生成 2022-11-01 的 2 次提交
2025-12-23 15:10:20,837 - INFO - 中断期: 2022-11-02 到 2022-11-03 (2 天)
2025-12-23 15:10:20,837 - INFO - 生成 2022-11-04 的 3 次提交
2025-12-23 15:10:20,867 - INFO - 生成 2022-11-05 的 1 次提交
2025-12-23 15:10:20,877 - INFO - 生成 2022-11-06 的 2 次提交
2025-12-23 15:10:20,899 - INFO - 生成 2022-11-07 的 5 次提交
2025-12-23 15:10:20,961 - INFO - 生成 2022-11-08 的 3 次提交
2025-12-23 15:10:20,993 - INFO - 生成 2022-11-09 的 5 次提交
2025-12-23 15:10:21,041 - INFO - 生成 2022-11-10 的 2 次提交
2025-12-23 15:10:21,062 - INFO - 生成 2022-11-11 的 3 次提交
2025-12-23 15:10:21,091 - INFO - 中断期: 2022-11-12 到 2022-11-12 (1 天)
2025-12-23 15:10:21,091 - INFO - 生成 2022-11-13 的 4 次提交
2025-12-23 15:10:21,131 - INFO - 生成 2022-11-14 的 2 次提交
2025-12-23 15:10:21,152 - INFO - 生成 2022-11-15 的 3 次提交
2025-12-23 15:10:21,182 - INFO - 生成 2022-11-16 的 5 次提交
2025-12-23 15:10:21,231 - INFO - 生成 2022-11-17 的 1 次提交
2025-12-23 15:10:21,243 - INFO - 生成 2022-11-18 的 1 次提交
2025-12-23 15:10:21,253 - INFO - 生成 2022-11-19 的 5 次提交
2025-12-23 15:10:21,306 - INFO - 中断期: 2022-11-20 到 2022-11-20 (1 天)
2025-12-23 15:10:21,306 - INFO - 生成 2022-11-21 的 5 次提交
2025-12-23 15:10:21,387 - INFO - 生成 2022-11-22 的 5 次提交
2025-12-23 15:10:21,439 - INFO - 生成 2022-11-23 的 1 次提交
2025-12-23 15:10:21,449 - INFO - 生成 2022-11-24 的 1 次提交
2025-12-23 15:10:21,459 - INFO - 生成 2022-11-25 的 1 次提交
2025-12-23 15:10:21,470 - INFO - 生成 2022-11-26 的 1 次提交
2025-12-23 15:10:21,479 - INFO - 中断期: 2022-11-27 到 2022-11-27 (1 天)
2025-12-23 15:10:21,479 - INFO - 生成 2022-11-28 的 5 次提交
2025-12-23 15:10:21,527 - INFO - 生成 2022-11-29 的 1 次提交
2025-12-23 15:10:21,537 - INFO - 生成 2022-11-30 的 1 次提交
2025-12-23 15:10:21,550 - INFO - 生成 2022-12-01 的 5 次提交
2025-12-23 15:10:21,603 - INFO - 生成 2022-12-02 的 5 次提交
2025-12-23 15:10:21,663 - INFO - 中断期: 2022-12-03 到 2022-12-03 (1 天)
2025-12-23 15:10:21,663 - INFO - 生成 2022-12-04 的 5 次提交
2025-12-23 15:10:21,719 - INFO - 生成 2022-12-05 的 4 次提交
2025-12-23 15:10:21,758 - INFO - 生成 2022-12-06 的 1 次提交
2025-12-23 15:10:21,769 - INFO - 生成 2022-12-07 的 1 次提交
2025-12-23 15:10:21,780 - INFO - 生成 2022-12-08 的 1 次提交
2025-12-23 15:10:21,795 - INFO - 生成 2022-12-09 的 4 次提交
2025-12-23 15:10:21,849 - INFO - 中断期: 2022-12-10 到 2022-12-12 (3 天)
2025-12-23 15:10:21,849 - INFO - 生成 2022-12-13 的 2 次提交
2025-12-23 15:10:21,870 - INFO - 生成 2022-12-14 的 4 次提交
2025-12-23 15:10:21,911 - INFO - 生成 2022-12-15 的 1 次提交
2025-12-23 15:10:21,922 - INFO - 生成 2022-12-16 的 2 次提交
2025-12-23 15:10:21,944 - INFO - 生成 2022-12-17 的 2 次提交
2025-12-23 15:10:21,963 - INFO - 生成 2022-12-18 的 3 次提交
2025-12-23 15:10:21,992 - INFO - 中断期: 2022-12-19 到 2022-12-21 (3 天)
2025-12-23 15:10:21,993 - INFO - 生成 2022-12-22 的 3 次提交
2025-12-23 15:10:22,023 - INFO - 生成 2022-12-23 的 5 次提交
2025-12-23 15:10:22,072 - INFO - 生成 2022-12-24 的 4 次提交
2025-12-23 15:10:22,110 - INFO - 生成 2022-12-25 的 1 次提交
2025-12-23 15:10:22,121 - INFO - 生成 2022-12-26 的 2 次提交
2025-12-23 15:10:22,139 - INFO - 中断期: 2022-12-27 到 2022-12-29 (3 天)
2025-12-23 15:10:22,139 - INFO - 生成 2022-12-30 的 1 次提交
2025-12-23 15:10:22,150 - INFO - 生成 2022-12-31 的 3 次提交
2025-12-23 15:10:22,178 - INFO - 生成 2023-01-01 的 4 次提交
2025-12-23 15:10:22,217 - INFO - 生成 2023-01-02 的 4 次提交
2025-12-23 15:10:22,259 - INFO - 生成 2023-01-03 的 3 次提交
2025-12-23 15:10:22,291 - INFO - 生成 2023-01-04 的 4 次提交
2025-12-23 15:10:22,332 - INFO - 中断期: 2023-01-05 到 2023-01-05 (1 天)
2025-12-23 15:10:22,332 - INFO - 生成 2023-01-06 的 4 次提交
2025-12-23 15:10:22,372 - INFO - 生成 2023-01-07 的 4 次提交
2025-12-23 15:10:22,411 - INFO - 生成 2023-01-08 的 5 次提交
2025-12-23 15:10:22,468 - INFO - 生成 2023-01-09 的 4 次提交
2025-12-23 15:10:22,512 - INFO - 生成 2023-01-10 的 5 次提交
2025-12-23 15:10:22,559 - INFO - 生成 2023-01-11 的 4 次提交
2025-12-23 15:10:22,603 - INFO - 中断期: 2023-01-12 到 2023-01-13 (2 天)
2025-12-23 15:10:22,603 - INFO - 生成 2023-01-14 的 5 次提交
2025-12-23 15:10:22,676 - INFO - 生成 2023-01-15 的 1 次提交
2025-12-23 15:10:22,691 - INFO - 生成 2023-01-16 的 2 次提交
2025-12-23 15:10:22,722 - INFO - 生成 2023-01-17 的 3 次提交
2025-12-23 15:10:22,755 - INFO - 中断期: 2023-01-18 到 2023-01-20 (3 天)
2025-12-23 15:10:22,756 - INFO - 生成 2023-01-21 的 2 次提交
2025-12-23 15:10:22,777 - INFO - 生成 2023-01-22 的 4 次提交
2025-12-23 15:10:22,816 - INFO - 生成 2023-01-23 的 1 次提交
2025-12-23 15:10:22,828 - INFO - 生成 2023-01-24 的 2 次提交
2025-12-23 15:10:22,849 - INFO - 中断期: 2023-01-25 到 2023-01-25 (1 天)
2025-12-23 15:10:22,849 - INFO - 生成 2023-01-26 的 5 次提交
2025-12-23 15:10:22,898 - INFO - 生成 2023-01-27 的 4 次提交
2025-12-23 15:10:22,939 - INFO - 生成 2023-01-28 的 4 次提交
2025-12-23 15:10:22,981 - INFO - 生成 2023-01-29 的 3 次提交
2025-12-23 15:10:23,020 - INFO - 生成 2023-01-30 的 3 次提交
2025-12-23 15:10:23,057 - INFO - 生成 2023-01-31 的 1 次提交
2025-12-23 15:10:23,068 - INFO - 生成 2023-02-01 的 4 次提交
2025-12-23 15:10:23,107 - INFO - 中断期: 2023-02-02 到 2023-02-02 (1 天)
2025-12-23 15:10:23,107 - INFO - 生成 2023-02-03 的 1 次提交
2025-12-23 15:10:23,117 - INFO - 生成 2023-02-04 的 1 次提交
2025-12-23 15:10:23,127 - INFO - 生成 2023-02-05 的 3 次提交
2025-12-23 15:10:23,162 - INFO - 生成 2023-02-06 的 5 次提交
2025-12-23 15:10:23,215 - INFO - 中断期: 2023-02-07 到 2023-02-07 (1 天)
2025-12-23 15:10:23,215 - INFO - 生成 2023-02-08 的 2 次提交
2025-12-23 15:10:23,239 - INFO - 生成 2023-02-09 的 3 次提交
2025-12-23 15:10:23,268 - INFO - 生成 2023-02-10 的 1 次提交
2025-12-23 15:10:23,278 - INFO - 生成 2023-02-11 的 4 次提交
2025-12-23 15:10:23,317 - INFO - 生成 2023-02-12 的 5 次提交
2025-12-23 15:10:23,367 - INFO - 生成 2023-02-13 的 2 次提交
2025-12-23 15:10:23,387 - INFO - 生成 2023-02-14 的 3 次提交
2025-12-23 15:10:23,416 - INFO - 中断期: 2023-02-15 到 2023-02-17 (3 天)
2025-12-23 15:10:23,417 - INFO - 生成 2023-02-18 的 3 次提交
2025-12-23 15:10:23,445 - INFO - 生成 2023-02-19 的 3 次提交
2025-12-23 15:10:23,476 - INFO - 生成 2023-02-20 的 5 次提交
2025-12-23 15:10:23,526 - INFO - 生成 2023-02-21 的 4 次提交
2025-12-23 15:10:23,565 - INFO - 中断期: 2023-02-22 到 2023-02-24 (3 天)
2025-12-23 15:10:23,566 - INFO - 生成 2023-02-25 的 1 次提交
2025-12-23 15:10:23,575 - INFO - 生成 2023-02-26 的 3 次提交
2025-12-23 15:10:23,605 - INFO - 生成 2023-02-27 的 3 次提交
2025-12-23 15:10:23,639 - INFO - 生成 2023-02-28 的 1 次提交
2025-12-23 15:10:23,654 - INFO - 生成 2023-03-01 的 5 次提交
2025-12-23 15:10:23,726 - INFO - 中断期: 2023-03-02 到 2023-03-02 (1 天)
2025-12-23 15:10:23,727 - INFO - 生成 2023-03-03 的 4 次提交
2025-12-23 15:10:23,767 - INFO - 生成 2023-03-04 的 3 次提交
2025-12-23 15:10:23,795 - INFO - 生成 2023-03-05 的 2 次提交
2025-12-23 15:10:23,816 - INFO - 生成 2023-03-06 的 2 次提交
2025-12-23 15:10:23,838 - INFO - 生成 2023-03-07 的 3 次提交
2025-12-23 15:10:23,868 - INFO - 中断期: 2023-03-08 到 2023-03-08 (1 天)
2025-12-23 15:10:23,868 - INFO - 生成 2023-03-09 的 4 次提交
2025-12-23 15:10:23,908 - INFO - 生成 2023-03-10 的 4 次提交
2025-12-23 15:10:23,949 - INFO - 生成 2023-03-11 的 3 次提交
2025-12-23 15:10:23,980 - INFO - 生成 2023-03-12 的 2 次提交
2025-12-23 15:10:23,999 - INFO - 生成 2023-03-13 的 5 次提交
2025-12-23 15:10:24,047 - INFO - 中断期: 2023-03-14 到 2023-03-16 (3 天)
2025-12-23 15:10:24,047 - INFO - 生成 2023-03-17 的 2 次提交
2025-12-23 15:10:24,067 - INFO - 生成 2023-03-18 的 4 次提交
2025-12-23 15:10:24,107 - INFO - 生成 2023-03-19 的 1 次提交
2025-12-23 15:10:24,118 - INFO - 生成 2023-03-20 的 5 次提交
2025-12-23 15:10:24,165 - INFO - 中断期: 2023-03-21 到 2023-03-21 (1 天)
2025-12-23 15:10:24,166 - INFO - 生成 2023-03-22 的 5 次提交
2025-12-23 15:10:24,220 - INFO - 生成 2023-03-23 的 2 次提交
2025-12-23 15:10:24,241 - INFO - 生成 2023-03-24 的 1 次提交
2025-12-23 15:10:24,250 - INFO - 生成 2023-03-25 的 2 次提交
2025-12-23 15:10:24,271 - INFO - 生成 2023-03-26 的 2 次提交
2025-12-23 15:10:24,291 - INFO - 生成 2023-03-27 的 2 次提交
2025-12-23 15:10:24,310 - INFO - 生成 2023-03-28 的 3 次提交
2025-12-23 15:10:24,343 - INFO - 中断期: 2023-03-29 到 2023-03-29 (1 天)
2025-12-23 15:10:24,343 - INFO - 生成 2023-03-30 的 5 次提交
2025-12-23 15:10:24,394 - INFO - 生成 2023-03-31 的 1 次提交
2025-12-23 15:10:24,405 - INFO - 生成 2023-04-01 的 1 次提交
2025-12-23 15:10:24,415 - INFO - 生成 2023-04-02 的 3 次提交
2025-12-23 15:10:24,445 - INFO - 生成 2023-04-03 的 5 次提交
2025-12-23 15:10:24,493 - INFO - 生成 2023-04-04 的 5 次提交
2025-12-23 15:10:24,548 - INFO - 生成 2023-04-05 的 5 次提交
2025-12-23 15:10:24,604 - INFO - 中断期: 2023-04-06 到 2023-04-07 (2 天)
2025-12-23 15:10:24,604 - INFO - 生成 2023-04-08 的 4 次提交
2025-12-23 15:10:24,642 - INFO - 生成 2023-04-09 的 3 次提交
2025-12-23 15:10:24,674 - INFO - 生成 2023-04-10 的 5 次提交
2025-12-23 15:10:24,727 - INFO - 生成 2023-04-11 的 4 次提交
2025-12-23 15:10:24,766 - INFO - 中断期: 2023-04-12 到 2023-04-14 (3 天)
2025-12-23 15:10:24,766 - INFO - 生成 2023-04-15 的 2 次提交
2025-12-23 15:10:24,787 - INFO - 生成 2023-04-16 的 1 次提交
2025-12-23 15:10:24,799 - INFO - 生成 2023-04-17 的 3 次提交
2025-12-23 15:10:24,832 - INFO - 生成 2023-04-18 的 4 次提交
2025-12-23 15:10:24,873 - INFO - 生成 2023-04-19 的 4 次提交
2025-12-23 15:10:24,914 - INFO - 生成 2023-04-20 的 5 次提交
2025-12-23 15:10:24,965 - INFO - 生成 2023-04-21 的 4 次提交
2025-12-23 15:10:25,005 - INFO - 生成 2023-04-22 的 2 次提交
2025-12-23 15:10:25,025 - INFO - 中断期: 2023-04-23 到 2023-04-23 (1 天)
2025-12-23 15:10:25,025 - INFO - 生成 2023-04-24 的 1 次提交
2025-12-23 15:10:25,035 - INFO - 生成 2023-04-25 的 3 次提交
2025-12-23 15:10:25,064 - INFO - 生成 2023-04-26 的 2 次提交
2025-12-23 15:10:25,093 - INFO - 生成 2023-04-27 的 5 次提交
2025-12-23 15:10:25,156 - INFO - 生成 2023-04-28 的 1 次提交
2025-12-23 15:10:25,166 - INFO - 中断期: 2023-04-29 到 2023-05-01 (3 天)
2025-12-23 15:10:25,166 - INFO - 生成 2023-05-02 的 4 次提交
2025-12-23 15:10:25,207 - INFO - 生成 2023-05-03 的 3 次提交
2025-12-23 15:10:25,236 - INFO - 生成 2023-05-04 的 4 次提交
2025-12-23 15:10:25,277 - INFO - 生成 2023-05-05 的 4 次提交
2025-12-23 15:10:25,319 - INFO - 生成 2023-05-06 的 3 次提交
2025-12-23 15:10:25,349 - INFO - 生成 2023-05-07 的 4 次提交
2025-12-23 15:10:25,390 - INFO - 生成 2023-05-08 的 2 次提交
2025-12-23 15:10:25,410 - INFO - 中断期: 2023-05-09 到 2023-05-10 (2 天)
2025-12-23 15:10:25,410 - INFO - 生成 2023-05-11 的 5 次提交
2025-12-23 15:10:25,461 - INFO - 生成 2023-05-12 的 1 次提交
2025-12-23 15:10:25,471 - INFO - 生成 2023-05-13 的 5 次提交
2025-12-23 15:10:25,523 - INFO - 生成 2023-05-14 的 2 次提交
2025-12-23 15:10:25,542 - INFO - 生成 2023-05-15 的 3 次提交
2025-12-23 15:10:25,574 - INFO - 生成 2023-05-16 的 5 次提交
2025-12-23 15:10:25,625 - INFO - 中断期: 2023-05-17 到 2023-05-19 (3 天)
2025-12-23 15:10:25,625 - INFO - 生成 2023-05-20 的 4 次提交
2025-12-23 15:10:25,667 - INFO - 生成 2023-05-21 的 3 次提交
2025-12-23 15:10:25,698 - INFO - 生成 2023-05-22 的 1 次提交
2025-12-23 15:10:25,708 - INFO - 生成 2023-05-23 的 2 次提交
2025-12-23 15:10:25,728 - INFO - 生成 2023-05-24 的 1 次提交
2025-12-23 15:10:25,743 - INFO - 中断期: 2023-05-25 到 2023-05-27 (3 天)
2025-12-23 15:10:25,744 - INFO - 生成 2023-05-28 的 3 次提交
2025-12-23 15:10:25,775 - INFO - 生成 2023-05-29 的 2 次提交
2025-12-23 15:10:25,794 - INFO - 生成 2023-05-30 的 3 次提交
2025-12-23 15:10:25,826 - INFO - 生成 2023-05-31 的 3 次提交
2025-12-23 15:10:25,858 - INFO - 生成 2023-06-01 的 5 次提交
2025-12-23 15:10:25,909 - INFO - 生成 2023-06-02 的 2 次提交
2025-12-23 15:10:25,930 - INFO - 生成 2023-06-03 的 5 次提交
2025-12-23 15:10:25,981 - INFO - 生成 2023-06-04 的 1 次提交
2025-12-23 15:10:25,991 - INFO - 中断期: 2023-06-05 到 2023-06-06 (2 天)
2025-12-23 15:10:25,991 - INFO - 生成 2023-06-07 的 1 次提交
2025-12-23 15:10:26,002 - INFO - 生成 2023-06-08 的 1 次提交
2025-12-23 15:10:26,012 - INFO - 生成 2023-06-09 的 5 次提交
2025-12-23 15:10:26,062 - INFO - 生成 2023-06-10 的 4 次提交
2025-12-23 15:10:26,104 - INFO - 生成 2023-06-11 的 2 次提交
2025-12-23 15:10:26,126 - INFO - 生成 2023-06-12 的 2 次提交
2025-12-23 15:10:26,147 - INFO - 生成 2023-06-13 的 5 次提交
2025-12-23 15:10:26,197 - INFO - 中断期: 2023-06-14 到 2023-06-16 (3 天)
2025-12-23 15:10:26,197 - INFO - 生成 2023-06-17 的 3 次提交
2025-12-23 15:10:26,229 - INFO - 生成 2023-06-18 的 4 次提交
2025-12-23 15:10:26,272 - INFO - 生成 2023-06-19 的 5 次提交
2025-12-23 15:10:26,324 - INFO - 生成 2023-06-20 的 1 次提交
2025-12-23 15:10:26,334 - INFO - 中断期: 2023-06-21 到 2023-06-22 (2 天)
2025-12-23 15:10:26,335 - INFO - 生成 2023-06-23 的 2 次提交
2025-12-23 15:10:26,357 - INFO - 生成 2023-06-24 的 3 次提交
2025-12-23 15:10:26,389 - INFO - 生成 2023-06-25 的 1 次提交
2025-12-23 15:10:26,399 - INFO - 生成 2023-06-26 的 4 次提交
2025-12-23 15:10:26,443 - INFO - 生成 2023-06-27 的 1 次提交
2025-12-23 15:10:26,453 - INFO - 生成 2023-06-28 的 2 次提交
2025-12-23 15:10:26,475 - INFO - 生成 2023-06-29 的 1 次提交
2025-12-23 15:10:26,485 - INFO - 中断期: 2023-06-30 到 2023-06-30 (1 天)
2025-12-23 15:10:26,486 - INFO - 生成 2023-07-01 的 3 次提交
2025-12-23 15:10:26,518 - INFO - 生成 2023-07-02 的 2 次提交
2025-12-23 15:10:26,538 - INFO - 生成 2023-07-03 的 5 次提交
2025-12-23 15:10:26,591 - INFO - 生成 2023-07-04 的 1 次提交
2025-12-23 15:10:26,602 - INFO - 生成 2023-07-05 的 1 次提交
2025-12-23 15:10:26,613 - INFO - 中断期: 2023-07-06 到 2023-07-06 (1 天)
2025-12-23 15:10:26,613 - INFO - 生成 2023-07-07 的 2 次提交
2025-12-23 15:10:26,633 - INFO - 生成 2023-07-08 的 2 次提交
2025-12-23 15:10:26,654 - INFO - 生成 2023-07-09 的 2 次提交
2025-12-23 15:10:26,673 - INFO - 生成 2023-07-10 的 1 次提交
2025-12-23 15:10:26,684 - INFO - 生成 2023-07-11 的 3 次提交
2025-12-23 15:10:26,715 - INFO - 生成 2023-07-12 的 4 次提交
2025-12-23 15:10:26,761 - INFO - 生成 2023-07-13 的 5 次提交
2025-12-23 15:10:26,815 - INFO - 中断期: 2023-07-14 到 2023-07-16 (3 天)
2025-12-23 15:10:26,815 - INFO - 生成 2023-07-17 的 4 次提交
2025-12-23 15:10:26,859 - INFO - 生成 2023-07-18 的 4 次提交
2025-12-23 15:10:26,927 - INFO - 生成 2023-07-19 的 3 次提交
2025-12-23 15:10:26,958 - INFO - 生成 2023-07-20 的 4 次提交
2025-12-23 15:10:26,999 - INFO - 生成 2023-07-21 的 4 次提交
2025-12-23 15:10:27,040 - INFO - 中断期: 2023-07-22 到 2023-07-23 (2 天)
2025-12-23 15:10:27,040 - INFO - 生成 2023-07-24 的 4 次提交
2025-12-23 15:10:27,079 - INFO - 生成 2023-07-25 的 1 次提交
2025-12-23 15:10:27,089 - INFO - 生成 2023-07-26 的 5 次提交
2025-12-23 15:10:27,148 - INFO - 生成 2023-07-27 的 5 次提交
2025-12-23 15:10:27,221 - INFO - 生成 2023-07-28 的 2 次提交
2025-12-23 15:10:27,243 - INFO - 生成 2023-07-29 的 5 次提交
2025-12-23 15:10:27,293 - INFO - 生成 2023-07-30 的 1 次提交
2025-12-23 15:10:27,303 - INFO - 生成 2023-07-31 的 5 次提交
2025-12-23 15:10:27,370 - INFO - 中断期: 2023-08-01 到 2023-08-01 (1 天)
2025-12-23 15:10:27,371 - INFO - 生成 2023-08-02 的 2 次提交
2025-12-23 15:10:27,395 - INFO - 生成 2023-08-03 的 5 次提交
2025-12-23 15:10:27,447 - INFO - 生成 2023-08-04 的 2 次提交
2025-12-23 15:10:27,468 - INFO - 生成 2023-08-05 的 4 次提交
2025-12-23 15:10:27,523 - INFO - 生成 2023-08-06 的 4 次提交
2025-12-23 15:10:27,567 - INFO - 生成 2023-08-07 的 2 次提交
2025-12-23 15:10:27,592 - INFO - 中断期: 2023-08-08 到 2023-08-09 (2 天)
2025-12-23 15:10:27,592 - INFO - 生成 2023-08-10 的 3 次提交
2025-12-23 15:10:27,633 - INFO - 生成 2023-08-11 的 5 次提交
2025-12-23 15:10:27,711 - INFO - 生成 2023-08-12 的 2 次提交
2025-12-23 15:10:27,734 - INFO - 生成 2023-08-13 的 4 次提交
2025-12-23 15:10:27,779 - INFO - 中断期: 2023-08-14 到 2023-08-16 (3 天)
2025-12-23 15:10:27,779 - INFO - 生成 2023-08-17 的 4 次提交
2025-12-23 15:10:27,819 - INFO - 生成 2023-08-18 的 4 次提交
2025-12-23 15:10:27,862 - INFO - 生成 2023-08-19 的 4 次提交
2025-12-23 15:10:27,903 - INFO - 生成 2023-08-20 的 4 次提交
2025-12-23 15:10:27,946 - INFO - 中断期: 2023-08-21 到 2023-08-23 (3 天)
2025-12-23 15:10:27,946 - INFO - 生成 2023-08-24 的 2 次提交
2025-12-23 15:10:27,967 - INFO - 生成 2023-08-25 的 1 次提交
2025-12-23 15:10:27,978 - INFO - 生成 2023-08-26 的 4 次提交
2025-12-23 15:10:28,020 - INFO - 生成 2023-08-27 的 5 次提交
2025-12-23 15:10:28,080 - INFO - 生成 2023-08-28 的 4 次提交
2025-12-23 15:10:28,124 - INFO - 中断期: 2023-08-29 到 2023-08-31 (3 天)
2025-12-23 15:10:28,124 - INFO - 生成 2023-09-01 的 4 次提交
2025-12-23 15:10:28,174 - INFO - 生成 2023-09-02 的 1 次提交
2025-12-23 15:10:28,185 - INFO - 生成 2023-09-03 的 2 次提交
2025-12-23 15:10:28,206 - INFO - 生成 2023-09-04 的 3 次提交
2025-12-23 15:10:28,237 - INFO - 生成 2023-09-05 的 3 次提交
2025-12-23 15:10:28,266 - INFO - 生成 2023-09-06 的 1 次提交
2025-12-23 15:10:28,277 - INFO - 中断期: 2023-09-07 到 2023-09-09 (3 天)
2025-12-23 15:10:28,278 - INFO - 生成 2023-09-10 的 3 次提交
2025-12-23 15:10:28,312 - INFO - 生成 2023-09-11 的 2 次提交
2025-12-23 15:10:28,332 - INFO - 生成 2023-09-12 的 4 次提交
2025-12-23 15:10:28,372 - INFO - 生成 2023-09-13 的 1 次提交
2025-12-23 15:10:28,384 - INFO - 中断期: 2023-09-14 到 2023-09-14 (1 天)
2025-12-23 15:10:28,385 - INFO - 生成 2023-09-15 的 4 次提交
2025-12-23 15:10:28,425 - INFO - 生成 2023-09-16 的 1 次提交
2025-12-23 15:10:28,439 - INFO - 生成 2023-09-17 的 1 次提交
2025-12-23 15:10:28,455 - INFO - 生成 2023-09-18 的 4 次提交
2025-12-23 15:10:28,528 - INFO - 生成 2023-09-19 的 5 次提交
2025-12-23 15:10:28,613 - INFO - 中断期: 2023-09-20 到 2023-09-22 (3 天)
2025-12-23 15:10:28,613 - INFO - 生成 2023-09-23 的 3 次提交
2025-12-23 15:10:28,660 - INFO - 生成 2023-09-24 的 1 次提交
2025-12-23 15:10:28,680 - INFO - 生成 2023-09-25 的 1 次提交
2025-12-23 15:10:28,696 - INFO - 生成 2023-09-26 的 3 次提交
2025-12-23 15:10:28,728 - INFO - 生成 2023-09-27 的 4 次提交
2025-12-23 15:10:28,792 - INFO - 中断期: 2023-09-28 到 2023-09-30 (3 天)
2025-12-23 15:10:28,792 - INFO - 生成 2023-10-01 的 2 次提交
2025-12-23 15:10:28,818 - INFO - 生成 2023-10-02 的 2 次提交
2025-12-23 15:10:28,843 - INFO - 生成 2023-10-03 的 4 次提交
2025-12-23 15:10:28,891 - INFO - 生成 2023-10-04 的 1 次提交
2025-12-23 15:10:28,902 - INFO - 生成 2023-10-05 的 3 次提交
2025-12-23 15:10:28,939 - INFO - 中断期: 2023-10-06 到 2023-10-06 (1 天)
2025-12-23 15:10:28,939 - INFO - 生成 2023-10-07 的 4 次提交
2025-12-23 15:10:28,979 - INFO - 生成 2023-10-08 的 2 次提交
2025-12-23 15:10:29,001 - INFO - 生成 2023-10-09 的 4 次提交
2025-12-23 15:10:29,041 - INFO - 生成 2023-10-10 的 5 次提交
2025-12-23 15:10:29,094 - INFO - 生成 2023-10-11 的 4 次提交
2025-12-23 15:10:29,134 - INFO - 生成 2023-10-12 的 4 次提交
2025-12-23 15:10:29,177 - INFO - 生成 2023-10-13 的 1 次提交
2025-12-23 15:10:29,190 - INFO - 中断期: 2023-10-14 到 2023-10-15 (2 天)
2025-12-23 15:10:29,191 - INFO - 生成 2023-10-16 的 2 次提交
2025-12-23 15:10:29,215 - INFO - 生成 2023-10-17 的 3 次提交
2025-12-23 15:10:29,257 - INFO - 生成 2023-10-18 的 1 次提交
2025-12-23 15:10:29,272 - INFO - 生成 2023-10-19 的 3 次提交
2025-12-23 15:10:29,311 - INFO - 生成 2023-10-20 的 3 次提交
2025-12-23 15:10:29,349 - INFO - 生成 2023-10-21 的 2 次提交
2025-12-23 15:10:29,370 - INFO - 生成 2023-10-22 的 2 次提交
2025-12-23 15:10:29,391 - INFO - 中断期: 2023-10-23 到 2023-10-24 (2 天)
2025-12-23 15:10:29,392 - INFO - 生成 2023-10-25 的 4 次提交
2025-12-23 15:10:29,433 - INFO - 生成 2023-10-26 的 5 次提交
2025-12-23 15:10:29,485 - INFO - 生成 2023-10-27 的 5 次提交
2025-12-23 15:10:29,535 - INFO - 生成 2023-10-28 的 1 次提交
2025-12-23 15:10:29,548 - INFO - 生成 2023-10-29 的 1 次提交
2025-12-23 15:10:29,558 - INFO - 中断期: 2023-10-30 到 2023-11-01 (3 天)
2025-12-23 15:10:29,559 - INFO - 生成 2023-11-02 的 2 次提交
2025-12-23 15:10:29,579 - INFO - 生成 2023-11-03 的 2 次提交
2025-12-23 15:10:29,603 - INFO - 生成 2023-11-04 的 1 次提交
2025-12-23 15:10:29,615 - INFO - 生成 2023-11-05 的 5 次提交
2025-12-23 15:10:29,670 - INFO - 生成 2023-11-06 的 5 次提交
2025-12-23 15:10:29,723 - INFO - 生成 2023-11-07 的 4 次提交
2025-12-23 15:10:29,763 - INFO - 生成 2023-11-08 的 4 次提交
2025-12-23 15:10:29,807 - INFO - 中断期: 2023-11-09 到 2023-11-10 (2 天)
2025-12-23 15:10:29,807 - INFO - 生成 2023-11-11 的 2 次提交
2025-12-23 15:10:29,828 - INFO - 生成 2023-11-12 的 4 次提交
2025-12-23 15:10:29,872 - INFO - 生成 2023-11-13 的 5 次提交
2025-12-23 15:10:29,925 - INFO - 生成 2023-11-14 的 2 次提交
2025-12-23 15:10:29,948 - INFO - 生成 2023-11-15 的 1 次提交
2025-12-23 15:10:29,958 - INFO - 生成 2023-11-16 的 3 次提交
2025-12-23 15:10:29,989 - INFO - 中断期: 2023-11-17 到 2023-11-17 (1 天)
2025-12-23 15:10:29,989 - INFO - 生成 2023-11-18 的 3 次提交
2025-12-23 15:10:30,019 - INFO - 生成 2023-11-19 的 4 次提交
2025-12-23 15:10:30,063 - INFO - 生成 2023-11-20 的 5 次提交
2025-12-23 15:10:30,115 - INFO - 生成 2023-11-21 的 1 次提交
2025-12-23 15:10:30,127 - INFO - 生成 2023-11-22 的 3 次提交
2025-12-23 15:10:30,158 - INFO - 中断期: 2023-11-23 到 2023-11-25 (3 天)
2025-12-23 15:10:30,158 - INFO - 生成 2023-11-26 的 4 次提交
2025-12-23 15:10:30,198 - INFO - 生成 2023-11-27 的 1 次提交
2025-12-23 15:10:30,209 - INFO - 生成 2023-11-28 的 3 次提交
2025-12-23 15:10:30,243 - INFO - 生成 2023-11-29 的 5 次提交
2025-12-23 15:10:30,294 - INFO - 生成 2023-11-30 的 2 次提交
2025-12-23 15:10:30,317 - INFO - 生成 2023-12-01 的 2 次提交
2025-12-23 15:10:30,339 - INFO - 中断期: 2023-12-02 到 2023-12-02 (1 天)
2025-12-23 15:10:30,339 - INFO - 生成 2023-12-03 的 3 次提交
2025-12-23 15:10:30,370 - INFO - 生成 2023-12-04 的 1 次提交
2025-12-23 15:10:30,380 - INFO - 生成 2023-12-05 的 5 次提交
2025-12-23 15:10:30,437 - INFO - 生成 2023-12-06 的 4 次提交
2025-12-23 15:10:30,478 - INFO - 生成 2023-12-07 的 1 次提交
2025-12-23 15:10:30,490 - INFO - 生成 2023-12-08 的 1 次提交
2025-12-23 15:10:30,501 - INFO - 中断期: 2023-12-09 到 2023-12-09 (1 天)
2025-12-23 15:10:30,501 - INFO - 生成 2023-12-10 的 5 次提交
2025-12-23 15:10:30,554 - INFO - 生成 2023-12-11 的 5 次提交
2025-12-23 15:10:30,608 - INFO - 生成 2023-12-12 的 3 次提交
2025-12-23 15:10:30,639 - INFO - 生成 2023-12-13 的 5 次提交
2025-12-23 15:10:30,690 - INFO - 生成 2023-12-14 的 1 次提交
2025-12-23 15:10:30,701 - INFO - 生成 2023-12-15 的 4 次提交
2025-12-23 15:10:30,744 - INFO - 生成 2023-12-16 的 4 次提交
2025-12-23 15:10:30,785 - INFO - 生成 2023-12-17 的 1 次提交
2025-12-23 15:10:30,796 - INFO - 中断期: 2023-12-18 到 2023-12-19 (2 天)
2025-12-23 15:10:30,796 - INFO - 生成 2023-12-20 的 1 次提交
2025-12-23 15:10:30,811 - INFO - 生成 2023-12-21 的 1 次提交
2025-12-23 15:10:30,824 - INFO - 生成 2023-12-22 的 2 次提交
2025-12-23 15:10:30,849 - INFO - 生成 2023-12-23 的 3 次提交
2025-12-23 15:10:30,879 - INFO - 生成 2023-12-24 的 1 次提交
2025-12-23 15:10:30,890 - INFO - 生成 2023-12-25 的 2 次提交
2025-12-23 15:10:30,916 - INFO - 生成 2023-12-26 的 3 次提交
2025-12-23 15:10:30,951 - INFO - 生成 2023-12-27 的 1 次提交
2025-12-23 15:10:30,962 - INFO - 中断期: 2023-12-28 到 2023-12-30 (3 天)
2025-12-23 15:10:30,962 - INFO - 生成 2023-12-31 的 5 次提交
2025-12-23 15:10:31,015 - INFO - 生成 2024-01-01 的 3 次提交
2025-12-23 15:10:31,045 - INFO - 生成 2024-01-02 的 3 次提交
2025-12-23 15:10:31,078 - INFO - 生成 2024-01-03 的 1 次提交
2025-12-23 15:10:31,088 - INFO - 中断期: 2024-01-04 到 2024-01-05 (2 天)
2025-12-23 15:10:31,088 - INFO - 生成 2024-01-06 的 2 次提交
2025-12-23 15:10:31,109 - INFO - 生成 2024-01-07 的 1 次提交
2025-12-23 15:10:31,121 - INFO - 生成 2024-01-08 的 3 次提交
2025-12-23 15:10:31,152 - INFO - 生成 2024-01-09 的 3 次提交
2025-12-23 15:10:31,185 - INFO - 生成 2024-01-10 的 3 次提交
2025-12-23 15:10:31,216 - INFO - 生成 2024-01-11 的 2 次提交
2025-12-23 15:10:31,239 - INFO - 中断期: 2024-01-12 到 2024-01-13 (2 天)
2025-12-23 15:10:31,239 - INFO - 生成 2024-01-14 的 1 次提交
2025-12-23 15:10:31,250 - INFO - 生成 2024-01-15 的 5 次提交
2025-12-23 15:10:31,303 - INFO - 生成 2024-01-16 的 4 次提交
2025-12-23 15:10:31,351 - INFO - 生成 2024-01-17 的 4 次提交
2025-12-23 15:10:31,422 - INFO - 生成 2024-01-18 的 5 次提交
2025-12-23 15:10:31,477 - INFO - 中断期: 2024-01-19 到 2024-01-19 (1 天)
2025-12-23 15:10:31,477 - INFO - 生成 2024-01-20 的 5 次提交
2025-12-23 15:10:31,528 - INFO - 生成 2024-01-21 的 5 次提交
2025-12-23 15:10:31,580 - INFO - 生成 2024-01-22 的 5 次提交
2025-12-23 15:10:31,634 - INFO - 生成 2024-01-23 的 5 次提交
2025-12-23 15:10:31,688 - INFO - 生成 2024-01-24 的 3 次提交
2025-12-23 15:10:31,718 - INFO - 中断期: 2024-01-25 到 2024-01-25 (1 天)
2025-12-23 15:10:31,718 - INFO - 生成 2024-01-26 的 1 次提交
2025-12-23 15:10:31,730 - INFO - 生成 2024-01-27 的 4 次提交
2025-12-23 15:10:31,774 - INFO - 生成 2024-01-28 的 4 次提交
2025-12-23 15:10:31,818 - INFO - 生成 2024-01-29 的 4 次提交
2025-12-23 15:10:31,866 - INFO - 中断期: 2024-01-30 到 2024-01-31 (2 天)
2025-12-23 15:10:31,866 - INFO - 生成 2024-02-01 的 5 次提交
2025-12-23 15:10:31,917 - INFO - 生成 2024-02-02 的 5 次提交
2025-12-23 15:10:31,968 - INFO - 生成 2024-02-03 的 4 次提交
2025-12-23 15:10:32,010 - INFO - 生成 2024-02-04 的 2 次提交
2025-12-23 15:10:32,033 - INFO - 生成 2024-02-05 的 2 次提交
2025-12-23 15:10:32,053 - INFO - 生成 2024-02-06 的 5 次提交
2025-12-23 15:10:32,108 - INFO - 生成 2024-02-07 的 3 次提交
2025-12-23 15:10:32,138 - INFO - 中断期: 2024-02-08 到 2024-02-09 (2 天)
2025-12-23 15:10:32,138 - INFO - 生成 2024-02-10 的 1 次提交
2025-12-23 15:10:32,149 - INFO - 生成 2024-02-11 的 5 次提交
2025-12-23 15:10:32,200 - INFO - 生成 2024-02-12 的 4 次提交
2025-12-23 15:10:32,244 - INFO - 生成 2024-02-13 的 4 次提交
2025-12-23 15:10:32,285 - INFO - 中断期: 2024-02-14 到 2024-02-14 (1 天)
2025-12-23 15:10:32,285 - INFO - 生成 2024-02-15 的 3 次提交
2025-12-23 15:10:32,320 - INFO - 生成 2024-02-16 的 1 次提交
2025-12-23 15:10:32,332 - INFO - 生成 2024-02-17 的 4 次提交
2025-12-23 15:10:32,373 - INFO - 生成 2024-02-18 的 1 次提交
2025-12-23 15:10:32,383 - INFO - 生成 2024-02-19 的 5 次提交
2025-12-23 15:10:32,458 - INFO - 中断期: 2024-02-20 到 2024-02-20 (1 天)
2025-12-23 15:10:32,458 - INFO - 生成 2024-02-21 的 4 次提交
2025-12-23 15:10:32,507 - INFO - 生成 2024-02-22 的 4 次提交
2025-12-23 15:10:32,558 - INFO - 生成 2024-02-23 的 3 次提交
2025-12-23 15:10:32,605 - INFO - 生成 2024-02-24 的 4 次提交
2025-12-23 15:10:32,663 - INFO - 生成 2024-02-25 的 3 次提交
2025-12-23 15:10:32,713 - INFO - 生成 2024-02-26 的 3 次提交
2025-12-23 15:10:32,748 - INFO - 生成 2024-02-27 的 5 次提交
2025-12-23 15:10:32,800 - INFO - 中断期: 2024-02-28 到 2024-03-01 (3 天)
2025-12-23 15:10:32,801 - INFO - 生成 2024-03-02 的 4 次提交
2025-12-23 15:10:32,851 - INFO - 生成 2024-03-03 的 4 次提交
2025-12-23 15:10:32,908 - INFO - 生成 2024-03-04 的 4 次提交
2025-12-23 15:10:32,959 - INFO - 生成 2024-03-05 的 5 次提交
2025-12-23 15:10:33,013 - INFO - 生成 2024-03-06 的 1 次提交
2025-12-23 15:10:33,025 - INFO - 中断期: 2024-03-07 到 2024-03-07 (1 天)
2025-12-23 15:10:33,025 - INFO - 生成 2024-03-08 的 2 次提交
2025-12-23 15:10:33,046 - INFO - 生成 2024-03-09 的 3 次提交
2025-12-23 15:10:33,077 - INFO - 生成 2024-03-10 的 3 次提交
2025-12-23 15:10:33,109 - INFO - 生成 2024-03-11 的 2 次提交
2025-12-23 15:10:33,134 - INFO - 生成 2024-03-12 的 4 次提交
2025-12-23 15:10:33,187 - INFO - 生成 2024-03-13 的 2 次提交
2025-12-23 15:10:33,207 - INFO - 生成 2024-03-14 的 5 次提交
2025-12-23 15:10:33,266 - INFO - 生成 2024-03-15 的 3 次提交
2025-12-23 15:10:33,299 - INFO - 中断期: 2024-03-16 到 2024-03-16 (1 天)
2025-12-23 15:10:33,299 - INFO - 生成 2024-03-17 的 2 次提交
2025-12-23 15:10:33,322 - INFO - 生成 2024-03-18 的 3 次提交
2025-12-23 15:10:33,355 - INFO - 生成 2024-03-19 的 3 次提交
2025-12-23 15:10:33,389 - INFO - 生成 2024-03-20 的 3 次提交
2025-12-23 15:10:33,427 - INFO - 生成 2024-03-21 的 2 次提交
2025-12-23 15:10:33,463 - INFO - 生成 2024-03-22 的 4 次提交
2025-12-23 15:10:33,513 - INFO - 中断期: 2024-03-23 到 2024-03-23 (1 天)
2025-12-23 15:10:33,513 - INFO - 生成 2024-03-24 的 2 次提交
2025-12-23 15:10:33,534 - INFO - 生成 2024-03-25 的 3 次提交
2025-12-23 15:10:33,566 - INFO - 生成 2024-03-26 的 4 次提交
2025-12-23 15:10:33,608 - INFO - 生成 2024-03-27 的 2 次提交
2025-12-23 15:10:33,637 - INFO - 生成 2024-03-28 的 1 次提交
2025-12-23 15:10:33,650 - INFO - 生成 2024-03-29 的 3 次提交
2025-12-23 15:10:33,682 - INFO - 生成 2024-03-30 的 2 次提交
2025-12-23 15:10:33,703 - INFO - 中断期: 2024-03-31 到 2024-04-02 (3 天)
2025-12-23 15:10:33,703 - INFO - 生成 2024-04-03 的 1 次提交
2025-12-23 15:10:33,714 - INFO - 生成 2024-04-04 的 3 次提交
2025-12-23 15:10:33,748 - INFO - 生成 2024-04-05 的 2 次提交
2025-12-23 15:10:33,770 - INFO - 生成 2024-04-06 的 2 次提交
2025-12-23 15:10:33,793 - INFO - 生成 2024-04-07 的 2 次提交
2025-12-23 15:10:33,815 - INFO - 中断期: 2024-04-08 到 2024-04-08 (1 天)
2025-12-23 15:10:33,816 - INFO - 生成 2024-04-09 的 2 次提交
2025-12-23 15:10:33,844 - INFO - 生成 2024-04-10 的 3 次提交
2025-12-23 15:10:33,889 - INFO - 生成 2024-04-11 的 3 次提交
2025-12-23 15:10:33,930 - INFO - 生成 2024-04-12 的 3 次提交
2025-12-23 15:10:33,969 - INFO - 生成 2024-04-13 的 2 次提交
2025-12-23 15:10:33,990 - INFO - 中断期: 2024-04-14 到 2024-04-16 (3 天)
2025-12-23 15:10:33,990 - INFO - 生成 2024-04-17 的 1 次提交
2025-12-23 15:10:34,002 - INFO - 生成 2024-04-18 的 2 次提交
2025-12-23 15:10:34,023 - INFO - 生成 2024-04-19 的 5 次提交
2025-12-23 15:10:34,074 - INFO - 生成 2024-04-20 的 4 次提交
2025-12-23 15:10:34,118 - INFO - 生成 2024-04-21 的 3 次提交
2025-12-23 15:10:34,153 - INFO - 生成 2024-04-22 的 4 次提交
2025-12-23 15:10:34,199 - INFO - 中断期: 2024-04-23 到 2024-04-24 (2 天)
2025-12-23 15:10:34,199 - INFO - 生成 2024-04-25 的 3 次提交
2025-12-23 15:10:34,232 - INFO - 生成 2024-04-26 的 2 次提交
2025-12-23 15:10:34,253 - INFO - 生成 2024-04-27 的 5 次提交
2025-12-23 15:10:34,306 - INFO - 生成 2024-04-28 的 1 次提交
2025-12-23 15:10:34,317 - INFO - 中断期: 2024-04-29 到 2024-04-29 (1 天)
2025-12-23 15:10:34,317 - INFO - 生成 2024-04-30 的 4 次提交
2025-12-23 15:10:34,362 - INFO - 生成 2024-05-01 的 3 次提交
2025-12-23 15:10:34,394 - INFO - 生成 2024-05-02 的 4 次提交
2025-12-23 15:10:34,439 - INFO - 生成 2024-05-03 的 3 次提交
2025-12-23 15:10:34,471 - INFO - 生成 2024-05-04 的 1 次提交
2025-12-23 15:10:34,482 - INFO - 生成 2024-05-05 的 5 次提交
2025-12-23 15:10:34,534 - INFO - 生成 2024-05-06 的 3 次提交
2025-12-23 15:10:34,567 - INFO - 生成 2024-05-07 的 2 次提交
2025-12-23 15:10:34,597 - INFO - 中断期: 2024-05-08 到 2024-05-08 (1 天)
2025-12-23 15:10:34,598 - INFO - 生成 2024-05-09 的 4 次提交
2025-12-23 15:10:34,641 - INFO - 生成 2024-05-10 的 3 次提交
2025-12-23 15:10:34,672 - INFO - 生成 2024-05-11 的 3 次提交
2025-12-23 15:10:34,704 - INFO - 生成 2024-05-12 的 5 次提交
2025-12-23 15:10:34,762 - INFO - 生成 2024-05-13 的 4 次提交
2025-12-23 15:10:34,805 - INFO - 生成 2024-05-14 的 2 次提交
2025-12-23 15:10:34,826 - INFO - 中断期: 2024-05-15 到 2024-05-16 (2 天)
2025-12-23 15:10:34,827 - INFO - 生成 2024-05-17 的 1 次提交
2025-12-23 15:10:34,838 - INFO - 生成 2024-05-18 的 2 次提交
2025-12-23 15:10:34,862 - INFO - 生成 2024-05-19 的 2 次提交
2025-12-23 15:10:34,888 - INFO - 生成 2024-05-20 的 2 次提交
2025-12-23 15:10:34,910 - INFO - 生成 2024-05-21 的 3 次提交
2025-12-23 15:10:34,945 - INFO - 生成 2024-05-22 的 1 次提交
2025-12-23 15:10:34,957 - INFO - 中断期: 2024-05-23 到 2024-05-24 (2 天)
2025-12-23 15:10:34,957 - INFO - 生成 2024-05-25 的 2 次提交
2025-12-23 15:10:34,979 - INFO - 生成 2024-05-26 的 4 次提交
2025-12-23 15:10:35,023 - INFO - 生成 2024-05-27 的 2 次提交
2025-12-23 15:10:35,044 - INFO - 生成 2024-05-28 的 5 次提交
2025-12-23 15:10:35,100 - INFO - 生成 2024-05-29 的 4 次提交
2025-12-23 15:10:35,144 - INFO - 生成 2024-05-30 的 3 次提交
2025-12-23 15:10:35,177 - INFO - 中断期: 2024-05-31 到 2024-05-31 (1 天)
2025-12-23 15:10:35,177 - INFO - 生成 2024-06-01 的 3 次提交
2025-12-23 15:10:35,212 - INFO - 生成 2024-06-02 的 5 次提交
2025-12-23 15:10:35,265 - INFO - 生成 2024-06-03 的 4 次提交
2025-12-23 15:10:35,306 - INFO - 生成 2024-06-04 的 2 次提交
2025-12-23 15:10:35,328 - INFO - 生成 2024-06-05 的 4 次提交
2025-12-23 15:10:35,374 - INFO - 生成 2024-06-06 的 3 次提交
2025-12-23 15:10:35,405 - INFO - 中断期: 2024-06-07 到 2024-06-08 (2 天)
2025-12-23 15:10:35,405 - INFO - 生成 2024-06-09 的 3 次提交
2025-12-23 15:10:35,440 - INFO - 生成 2024-06-10 的 4 次提交
2025-12-23 15:10:35,486 - INFO - 生成 2024-06-11 的 5 次提交
2025-12-23 15:10:35,560 - INFO - 生成 2024-06-12 的 1 次提交
2025-12-23 15:10:35,571 - INFO - 生成 2024-06-13 的 3 次提交
2025-12-23 15:10:35,605 - INFO - 生成 2024-06-14 的 3 次提交
2025-12-23 15:10:35,637 - INFO - 中断期: 2024-06-15 到 2024-06-15 (1 天)
2025-12-23 15:10:35,637 - INFO - 生成 2024-06-16 的 4 次提交
2025-12-23 15:10:35,682 - INFO - 生成 2024-06-17 的 4 次提交
2025-12-23 15:10:35,724 - INFO - 生成 2024-06-18 的 2 次提交
2025-12-23 15:10:35,747 - INFO - 生成 2024-06-19 的 2 次提交
2025-12-23 15:10:35,768 - INFO - 生成 2024-06-20 的 2 次提交
2025-12-23 15:10:35,790 - INFO - 生成 2024-06-21 的 4 次提交
2025-12-23 15:10:35,830 - INFO - 中断期: 2024-06-22 到 2024-06-23 (2 天)
2025-12-23 15:10:35,830 - INFO - 生成 2024-06-24 的 1 次提交
2025-12-23 15:10:35,842 - INFO - 生成 2024-06-25 的 2 次提交
2025-12-23 15:10:35,866 - INFO - 生成 2024-06-26 的 5 次提交
2025-12-23 15:10:35,923 - INFO - 生成 2024-06-27 的 2 次提交
2025-12-23 15:10:35,947 - INFO - 生成 2024-06-28 的 5 次提交
2025-12-23 15:10:36,001 - INFO - 生成 2024-06-29 的 4 次提交
2025-12-23 15:10:36,042 - INFO - 生成 2024-06-30 的 5 次提交
2025-12-23 15:10:36,095 - INFO - 中断期: 2024-07-01 到 2024-07-02 (2 天)
2025-12-23 15:10:36,095 - INFO - 生成 2024-07-03 的 4 次提交
2025-12-23 15:10:36,139 - INFO - 生成 2024-07-04 的 4 次提交
2025-12-23 15:10:36,184 - INFO - 生成 2024-07-05 的 1 次提交
2025-12-23 15:10:36,195 - INFO - 生成 2024-07-06 的 5 次提交
2025-12-23 15:10:36,252 - INFO - 生成 2024-07-07 的 5 次提交
2025-12-23 15:10:36,307 - INFO - 生成 2024-07-08 的 1 次提交
2025-12-23 15:10:36,319 - INFO - 中断期: 2024-07-09 到 2024-07-11 (3 天)
2025-12-23 15:10:36,320 - INFO - 生成 2024-07-12 的 2 次提交
2025-12-23 15:10:36,342 - INFO - 生成 2024-07-13 的 2 次提交
2025-12-23 15:10:36,365 - INFO - 生成 2024-07-14 的 4 次提交
2025-12-23 15:10:36,411 - INFO - 生成 2024-07-15 的 4 次提交
2025-12-23 15:10:36,457 - INFO - 生成 2024-07-16 的 3 次提交
2025-12-23 15:10:36,487 - INFO - 生成 2024-07-17 的 2 次提交
2025-12-23 15:10:36,510 - INFO - 中断期: 2024-07-18 到 2024-07-18 (1 天)
2025-12-23 15:10:36,511 - INFO - 生成 2024-07-19 的 1 次提交
2025-12-23 15:10:36,522 - INFO - 生成 2024-07-20 的 3 次提交
2025-12-23 15:10:36,559 - INFO - 生成 2024-07-21 的 2 次提交
2025-12-23 15:10:36,582 - INFO - 生成 2024-07-22 的 5 次提交
2025-12-23 15:10:36,636 - INFO - 生成 2024-07-23 的 3 次提交
2025-12-23 15:10:36,670 - INFO - 生成 2024-07-24 的 1 次提交
2025-12-23 15:10:36,681 - INFO - 生成 2024-07-25 的 5 次提交
2025-12-23 15:10:36,736 - INFO - 生成 2024-07-26 的 3 次提交
2025-12-23 15:10:36,770 - INFO - 中断期: 2024-07-27 到 2024-07-29 (3 天)
2025-12-23 15:10:36,770 - INFO - 生成 2024-07-30 的 1 次提交
2025-12-23 15:10:36,782 - INFO - 生成 2024-07-31 的 2 次提交
2025-12-23 15:10:36,806 - INFO - 生成 2024-08-01 的 1 次提交
2025-12-23 15:10:36,818 - INFO - 生成 2024-08-02 的 5 次提交
2025-12-23 15:10:36,877 - INFO - 生成 2024-08-03 的 4 次提交
2025-12-23 15:10:36,927 - INFO - 中断期: 2024-08-04 到 2024-08-04 (1 天)
2025-12-23 15:10:36,928 - INFO - 生成 2024-08-05 的 2 次提交
2025-12-23 15:10:36,950 - INFO - 生成 2024-08-06 的 3 次提交
2025-12-23 15:10:36,983 - INFO - 生成 2024-08-07 的 2 次提交
2025-12-23 15:10:37,004 - INFO - 生成 2024-08-08 的 5 次提交
2025-12-23 15:10:37,057 - INFO - 生成 2024-08-09 的 3 次提交
2025-12-23 15:10:37,090 - INFO - 生成 2024-08-10 的 4 次提交
2025-12-23 15:10:37,131 - INFO - 中断期: 2024-08-11 到 2024-08-11 (1 天)
2025-12-23 15:10:37,131 - INFO - 生成 2024-08-12 的 4 次提交
2025-12-23 15:10:37,175 - INFO - 生成 2024-08-13 的 4 次提交
2025-12-23 15:10:37,217 - INFO - 生成 2024-08-14 的 2 次提交
2025-12-23 15:10:37,240 - INFO - 生成 2024-08-15 的 3 次提交
2025-12-23 15:10:37,271 - INFO - 中断期: 2024-08-16 到 2024-08-18 (3 天)
2025-12-23 15:10:37,272 - INFO - 生成 2024-08-19 的 4 次提交
2025-12-23 15:10:37,314 - INFO - 生成 2024-08-20 的 5 次提交
2025-12-23 15:10:37,370 - INFO - 生成 2024-08-21 的 2 次提交
2025-12-23 15:10:37,393 - INFO - 生成 2024-08-22 的 2 次提交
2025-12-23 15:10:37,414 - INFO - 生成 2024-08-23 的 3 次提交
2025-12-23 15:10:37,448 - INFO - 生成 2024-08-24 的 2 次提交
2025-12-23 15:10:37,470 - INFO - 中断期: 2024-08-25 到 2024-08-25 (1 天)
2025-12-23 15:10:37,470 - INFO - 生成 2024-08-26 的 2 次提交
2025-12-23 15:10:37,493 - INFO - 生成 2024-08-27 的 3 次提交
2025-12-23 15:10:37,526 - INFO - 生成 2024-08-28 的 3 次提交
2025-12-23 15:10:37,560 - INFO - 生成 2024-08-29 的 5 次提交
2025-12-23 15:10:37,669 - INFO - 生成 2024-08-30 的 3 次提交
2025-12-23 15:10:37,790 - INFO - 生成 2024-08-31 的 2 次提交
2025-12-23 15:10:37,823 - INFO - 生成 2024-09-01 的 2 次提交
2025-12-23 15:10:37,856 - INFO - 中断期: 2024-09-02 到 2024-09-04 (3 天)
2025-12-23 15:10:37,856 - INFO - 生成 2024-09-05 的 2 次提交
2025-12-23 15:10:37,884 - INFO - 生成 2024-09-06 的 1 次提交
2025-12-23 15:10:37,900 - INFO - 生成 2024-09-07 的 5 次提交
2025-12-23 15:10:38,031 - INFO - 生成 2024-09-08 的 3 次提交
2025-12-23 15:10:38,093 - INFO - 生成 2024-09-09 的 1 次提交
2025-12-23 15:10:38,107 - INFO - 中断期: 2024-09-10 到 2024-09-11 (2 天)
2025-12-23 15:10:38,107 - INFO - 生成 2024-09-12 的 1 次提交
2025-12-23 15:10:38,129 - INFO - 生成 2024-09-13 的 3 次提交
2025-12-23 15:10:38,188 - INFO - 生成 2024-09-14 的 5 次提交
2025-12-23 15:10:38,277 - INFO - 生成 2024-09-15 的 4 次提交
2025-12-23 15:10:38,350 - INFO - 生成 2024-09-16 的 5 次提交
2025-12-23 15:10:38,440 - INFO - 中断期: 2024-09-17 到 2024-09-17 (1 天)
2025-12-23 15:10:38,441 - INFO - 生成 2024-09-18 的 3 次提交
2025-12-23 15:10:38,505 - INFO - 生成 2024-09-19 的 3 次提交
2025-12-23 15:10:38,560 - INFO - 生成 2024-09-20 的 3 次提交
2025-12-23 15:10:38,618 - INFO - 生成 2024-09-21 的 4 次提交
2025-12-23 15:10:38,662 - INFO - 生成 2024-09-22 的 5 次提交
2025-12-23 15:10:38,732 - INFO - 中断期: 2024-09-23 到 2024-09-25 (3 天)
2025-12-23 15:10:38,732 - INFO - 生成 2024-09-26 的 4 次提交
2025-12-23 15:10:38,801 - INFO - 生成 2024-09-27 的 3 次提交
2025-12-23 15:10:38,890 - INFO - 生成 2024-09-28 的 1 次提交
2025-12-23 15:10:38,907 - INFO - 生成 2024-09-29 的 3 次提交
2025-12-23 15:10:38,999 - INFO - 生成 2024-09-30 的 2 次提交
2025-12-23 15:10:39,065 - INFO - 生成 2024-10-01 的 2 次提交
2025-12-23 15:10:39,125 - INFO - 生成 2024-10-02 的 4 次提交
2025-12-23 15:10:39,246 - INFO - 中断期: 2024-10-03 到 2024-10-04 (2 天)
2025-12-23 15:10:39,246 - INFO - 生成 2024-10-05 的 1 次提交
2025-12-23 15:10:39,275 - INFO - 生成 2024-10-06 的 4 次提交
2025-12-23 15:10:39,389 - INFO - 生成 2024-10-07 的 4 次提交
2025-12-23 15:10:39,502 - INFO - 生成 2024-10-08 的 5 次提交
2025-12-23 15:10:39,644 - INFO - 生成 2024-10-09 的 3 次提交
2025-12-23 15:10:39,732 - INFO - 生成 2024-10-10 的 4 次提交
2025-12-23 15:10:39,909 - INFO - 中断期: 2024-10-11 到 2024-10-11 (1 天)
2025-12-23 15:10:39,909 - INFO - 生成 2024-10-12 的 5 次提交
2025-12-23 15:10:40,079 - INFO - 生成 2024-10-13 的 1 次提交
2025-12-23 15:10:40,115 - INFO - 生成 2024-10-14 的 4 次提交
2025-12-23 15:10:40,244 - INFO - 生成 2024-10-15 的 4 次提交
2025-12-23 15:10:40,379 - INFO - 生成 2024-10-16 的 2 次提交
2025-12-23 15:10:40,444 - INFO - 生成 2024-10-17 的 5 次提交
2025-12-23 15:10:40,609 - INFO - 中断期: 2024-10-18 到 2024-10-19 (2 天)
2025-12-23 15:10:40,609 - INFO - 生成 2024-10-20 的 5 次提交
2025-12-23 15:10:40,774 - INFO - 生成 2024-10-21 的 5 次提交
2025-12-23 15:10:40,930 - INFO - 生成 2024-10-22 的 5 次提交
2025-12-23 15:10:41,101 - INFO - 生成 2024-10-23 的 3 次提交
2025-12-23 15:10:41,207 - INFO - 中断期: 2024-10-24 到 2024-10-24 (1 天)
2025-12-23 15:10:41,207 - INFO - 生成 2024-10-25 的 1 次提交
2025-12-23 15:10:41,240 - INFO - 生成 2024-10-26 的 1 次提交
2025-12-23 15:10:41,273 - INFO - 生成 2024-10-27 的 1 次提交
2025-12-23 15:10:41,307 - INFO - 生成 2024-10-28 的 3 次提交
2025-12-23 15:10:41,408 - INFO - 生成 2024-10-29 的 4 次提交
2025-12-23 15:10:41,545 - INFO - 中断期: 2024-10-30 到 2024-10-31 (2 天)
2025-12-23 15:10:41,545 - INFO - 生成 2024-11-01 的 1 次提交
2025-12-23 15:10:41,578 - INFO - 生成 2024-11-02 的 5 次提交
2025-12-23 15:10:41,744 - INFO - 生成 2024-11-03 的 4 次提交
2025-12-23 15:10:41,858 - INFO - 生成 2024-11-04 的 1 次提交
2025-12-23 15:10:41,896 - INFO - 生成 2024-11-05 的 3 次提交
2025-12-23 15:10:42,037 - INFO - 生成 2024-11-06 的 5 次提交
2025-12-23 15:10:42,197 - INFO - 生成 2024-11-07 的 5 次提交
2025-12-23 15:10:42,385 - INFO - 中断期: 2024-11-08 到 2024-11-10 (3 天)
2025-12-23 15:10:42,386 - INFO - 生成 2024-11-11 的 3 次提交
2025-12-23 15:10:42,460 - INFO - 生成 2024-11-12 的 2 次提交
2025-12-23 15:10:42,490 - INFO - 生成 2024-11-13 的 2 次提交
2025-12-23 15:10:42,520 - INFO - 生成 2024-11-14 的 5 次提交
2025-12-23 15:10:42,604 - INFO - 生成 2024-11-15 的 2 次提交
2025-12-23 15:10:42,638 - INFO - 生成 2024-11-16 的 1 次提交
2025-12-23 15:10:42,655 - INFO - 生成 2024-11-17 的 5 次提交
2025-12-23 15:10:42,760 - INFO - 中断期: 2024-11-18 到 2024-11-18 (1 天)
2025-12-23 15:10:42,761 - INFO - 生成 2024-11-19 的 4 次提交
2025-12-23 15:10:42,820 - INFO - 生成 2024-11-20 的 5 次提交
2025-12-23 15:10:42,896 - INFO - 生成 2024-11-21 的 2 次提交
2025-12-23 15:10:42,927 - INFO - 生成 2024-11-22 的 3 次提交
2025-12-23 15:10:42,973 - INFO - 生成 2024-11-23 的 3 次提交
2025-12-23 15:10:43,037 - INFO - 生成 2024-11-24 的 5 次提交
2025-12-23 15:10:43,093 - INFO - 生成 2024-11-25 的 4 次提交
2025-12-23 15:10:43,136 - INFO - 中断期: 2024-11-26 到 2024-11-27 (2 天)
2025-12-23 15:10:43,136 - INFO - 生成 2024-11-28 的 5 次提交
2025-12-23 15:10:43,200 - INFO - 生成 2024-11-29 的 2 次提交
2025-12-23 15:10:43,224 - INFO - 生成 2024-11-30 的 3 次提交
2025-12-23 15:10:43,257 - INFO - 生成 2024-12-01 的 3 次提交
2025-12-23 15:10:43,290 - INFO - 生成 2024-12-02 的 4 次提交
2025-12-23 15:10:43,336 - INFO - 中断期: 2024-12-03 到 2024-12-05 (3 天)
2025-12-23 15:10:43,336 - INFO - 生成 2024-12-06 的 3 次提交
2025-12-23 15:10:43,368 - INFO - 生成 2024-12-07 的 5 次提交
2025-12-23 15:10:43,426 - INFO - 生成 2024-12-08 的 5 次提交
2025-12-23 15:10:43,484 - INFO - 生成 2024-12-09 的 1 次提交
2025-12-23 15:10:43,496 - INFO - 生成 2024-12-10 的 5 次提交
2025-12-23 15:10:43,552 - INFO - 中断期: 2024-12-11 到 2024-12-12 (2 天)
2025-12-23 15:10:43,552 - INFO - 生成 2024-12-13 的 4 次提交
2025-12-23 15:10:43,622 - INFO - 生成 2024-12-14 的 2 次提交
2025-12-23 15:10:43,651 - INFO - 生成 2024-12-15 的 1 次提交
2025-12-23 15:10:43,663 - INFO - 生成 2024-12-16 的 1 次提交
2025-12-23 15:10:43,674 - INFO - 中断期: 2024-12-17 到 2024-12-18 (2 天)
2025-12-23 15:10:43,674 - INFO - 生成 2024-12-19 的 5 次提交
2025-12-23 15:10:43,732 - INFO - 生成 2024-12-20 的 3 次提交
2025-12-23 15:10:43,771 - INFO - 生成 2024-12-21 的 1 次提交
2025-12-23 15:10:43,785 - INFO - 生成 2024-12-22 的 2 次提交
2025-12-23 15:10:43,807 - INFO - 生成 2024-12-23 的 1 次提交
2025-12-23 15:10:43,818 - INFO - 生成 2024-12-24 的 3 次提交
2025-12-23 15:10:43,861 - INFO - 中断期: 2024-12-25 到 2024-12-25 (1 天)
2025-12-23 15:10:43,862 - INFO - 生成 2024-12-26 的 4 次提交
2025-12-23 15:10:43,912 - INFO - 生成 2024-12-27 的 5 次提交
2025-12-23 15:10:43,968 - INFO - 生成 2024-12-28 的 5 次提交
2025-12-23 15:10:44,023 - INFO - 生成 2024-12-29 的 2 次提交
2025-12-23 15:10:44,060 - INFO - 生成 2024-12-30 的 5 次提交
2025-12-23 15:10:44,191 - INFO - 中断期: 2024-12-31 到 2025-01-01 (2 天)
2025-12-23 15:10:44,191 - INFO - 生成 2025-01-02 的 5 次提交
2025-12-23 15:10:44,244 - INFO - 生成 2025-01-03 的 3 次提交
2025-12-23 15:10:44,277 - INFO - 生成 2025-01-04 的 4 次提交
2025-12-23 15:10:44,325 - INFO - 生成 2025-01-05 的 2 次提交
2025-12-23 15:10:44,347 - INFO - 中断期: 2025-01-06 到 2025-01-06 (1 天)
2025-12-23 15:10:44,347 - INFO - 生成 2025-01-07 的 4 次提交
2025-12-23 15:10:44,394 - INFO - 生成 2025-01-08 的 3 次提交
2025-12-23 15:10:44,432 - INFO - 生成 2025-01-09 的 5 次提交
2025-12-23 15:10:44,488 - INFO - 生成 2025-01-10 的 4 次提交
2025-12-23 15:10:44,533 - INFO - 生成 2025-01-11 的 4 次提交
2025-12-23 15:10:44,579 - INFO - 中断期: 2025-01-12 到 2025-01-12 (1 天)
2025-12-23 15:10:44,579 - INFO - 生成 2025-01-13 的 4 次提交
2025-12-23 15:10:44,632 - INFO - 生成 2025-01-14 的 4 次提交
2025-12-23 15:10:44,678 - INFO - 生成 2025-01-15 的 1 次提交
2025-12-23 15:10:44,691 - INFO - 生成 2025-01-16 的 3 次提交
2025-12-23 15:10:44,724 - INFO - 生成 2025-01-17 的 4 次提交
2025-12-23 15:10:44,771 - INFO - 生成 2025-01-18 的 5 次提交
2025-12-23 15:10:44,830 - INFO - 生成 2025-01-19 的 5 次提交
2025-12-23 15:10:44,890 - INFO - 生成 2025-01-20 的 2 次提交
2025-12-23 15:10:44,912 - INFO - 中断期: 2025-01-21 到 2025-01-23 (3 天)
2025-12-23 15:10:44,912 - INFO - 生成 2025-01-24 的 3 次提交
2025-12-23 15:10:44,947 - INFO - 生成 2025-01-25 的 1 次提交
2025-12-23 15:10:44,959 - INFO - 生成 2025-01-26 的 4 次提交
2025-12-23 15:10:45,006 - INFO - 生成 2025-01-27 的 2 次提交
2025-12-23 15:10:45,030 - INFO - 中断期: 2025-01-28 到 2025-01-29 (2 天)
2025-12-23 15:10:45,030 - INFO - 生成 2025-01-30 的 1 次提交
2025-12-23 15:10:45,041 - INFO - 生成 2025-01-31 的 4 次提交
2025-12-23 15:10:45,091 - INFO - 生成 2025-02-01 的 3 次提交
2025-12-23 15:10:45,125 - INFO - 生成 2025-02-02 的 1 次提交
2025-12-23 15:10:45,136 - INFO - 生成 2025-02-03 的 2 次提交
2025-12-23 15:10:45,160 - INFO - 生成 2025-02-04 的 1 次提交
2025-12-23 15:10:45,171 - INFO - 中断期: 2025-02-05 到 2025-02-05 (1 天)
2025-12-23 15:10:45,171 - INFO - 生成 2025-02-06 的 2 次提交
2025-12-23 15:10:45,193 - INFO - 生成 2025-02-07 的 4 次提交
2025-12-23 15:10:45,237 - INFO - 生成 2025-02-08 的 2 次提交
2025-12-23 15:10:45,261 - INFO - 生成 2025-02-09 的 4 次提交
2025-12-23 15:10:45,309 - INFO - 中断期: 2025-02-10 到 2025-02-11 (2 天)
2025-12-23 15:10:45,310 - INFO - 生成 2025-02-12 的 2 次提交
2025-12-23 15:10:45,332 - INFO - 生成 2025-02-13 的 4 次提交
2025-12-23 15:10:45,378 - INFO - 生成 2025-02-14 的 1 次提交
2025-12-23 15:10:45,391 - INFO - 生成 2025-02-15 的 5 次提交
2025-12-23 15:10:45,447 - INFO - 生成 2025-02-16 的 5 次提交
2025-12-23 15:10:45,506 - INFO - 生成 2025-02-17 的 2 次提交
2025-12-23 15:10:45,529 - INFO - 生成 2025-02-18 的 5 次提交
2025-12-23 15:10:45,585 - INFO - 生成 2025-02-19 的 3 次提交
2025-12-23 15:10:45,619 - INFO - 中断期: 2025-02-20 到 2025-02-22 (3 天)
2025-12-23 15:10:45,619 - INFO - 生成 2025-02-23 的 4 次提交
2025-12-23 15:10:45,666 - INFO - 生成 2025-02-24 的 4 次提交
2025-12-23 15:10:45,712 - INFO - 生成 2025-02-25 的 2 次提交
2025-12-23 15:10:45,733 - INFO - 生成 2025-02-26 的 2 次提交
2025-12-23 15:10:45,758 - INFO - 生成 2025-02-27 的 5 次提交
2025-12-23 15:10:45,814 - INFO - 生成 2025-02-28 的 5 次提交
2025-12-23 15:10:45,871 - INFO - 生成 2025-03-01 的 4 次提交
2025-12-23 15:10:45,917 - INFO - 生成 2025-03-02 的 3 次提交
2025-12-23 15:10:45,952 - INFO - 中断期: 2025-03-03 到 2025-03-03 (1 天)
2025-12-23 15:10:45,952 - INFO - 生成 2025-03-04 的 5 次提交
2025-12-23 15:10:46,008 - INFO - 生成 2025-03-05 的 5 次提交
2025-12-23 15:10:46,062 - INFO - 生成 2025-03-06 的 4 次提交
2025-12-23 15:10:46,110 - INFO - 生成 2025-03-07 的 5 次提交
2025-12-23 15:10:46,169 - INFO - 生成 2025-03-08 的 1 次提交
2025-12-23 15:10:46,181 - INFO - 生成 2025-03-09 的 5 次提交
2025-12-23 15:10:46,262 - INFO - 生成 2025-03-10 的 1 次提交
2025-12-23 15:10:46,274 - INFO - 中断期: 2025-03-11 到 2025-03-12 (2 天)
2025-12-23 15:10:46,274 - INFO - 生成 2025-03-13 的 5 次提交
2025-12-23 15:10:46,331 - INFO - 生成 2025-03-14 的 3 次提交
2025-12-23 15:10:46,365 - INFO - 生成 2025-03-15 的 3 次提交
2025-12-23 15:10:46,403 - INFO - 生成 2025-03-16 的 5 次提交
2025-12-23 15:10:46,463 - INFO - 生成 2025-03-17 的 2 次提交
2025-12-23 15:10:46,485 - INFO - 生成 2025-03-18 的 5 次提交
2025-12-23 15:10:46,540 - INFO - 中断期: 2025-03-19 到 2025-03-19 (1 天)
2025-12-23 15:10:46,541 - INFO - 生成 2025-03-20 的 4 次提交
2025-12-23 15:10:46,587 - INFO - 生成 2025-03-21 的 4 次提交
2025-12-23 15:10:46,631 - INFO - 生成 2025-03-22 的 1 次提交
2025-12-23 15:10:46,644 - INFO - 生成 2025-03-23 的 1 次提交
2025-12-23 15:10:46,656 - INFO - 中断期: 2025-03-24 到 2025-03-25 (2 天)
2025-12-23 15:10:46,656 - INFO - 生成 2025-03-26 的 2 次提交
2025-12-23 15:10:46,678 - INFO - 生成 2025-03-27 的 5 次提交
2025-12-23 15:10:46,734 - INFO - 生成 2025-03-28 的 4 次提交
2025-12-23 15:10:46,781 - INFO - 生成 2025-03-29 的 5 次提交
2025-12-23 15:10:46,839 - INFO - 生成 2025-03-30 的 1 次提交
2025-12-23 15:10:46,851 - INFO - 生成 2025-03-31 的 4 次提交
2025-12-23 15:10:46,898 - INFO - 生成 2025-04-01 的 1 次提交
2025-12-23 15:10:46,909 - INFO - 中断期: 2025-04-02 到 2025-04-02 (1 天)
2025-12-23 15:10:46,910 - INFO - 生成 2025-04-03 的 4 次提交
2025-12-23 15:10:46,954 - INFO - 生成 2025-04-04 的 2 次提交
2025-12-23 15:10:46,978 - INFO - 生成 2025-04-05 的 5 次提交
2025-12-23 15:10:47,036 - INFO - 生成 2025-04-06 的 3 次提交
2025-12-23 15:10:47,070 - INFO - 生成 2025-04-07 的 3 次提交
2025-12-23 15:10:47,108 - INFO - 生成 2025-04-08 的 2 次提交
2025-12-23 15:10:47,130 - INFO - 中断期: 2025-04-09 到 2025-04-11 (3 天)
2025-12-23 15:10:47,130 - INFO - 生成 2025-04-12 的 4 次提交
2025-12-23 15:10:47,177 - INFO - 生成 2025-04-13 的 5 次提交
2025-12-23 15:10:47,235 - INFO - 生成 2025-04-14 的 2 次提交
2025-12-23 15:10:47,258 - INFO - 生成 2025-04-15 的 2 次提交
2025-12-23 15:10:47,281 - INFO - 中断期: 2025-04-16 到 2025-04-18 (3 天)
2025-12-23 15:10:47,281 - INFO - 生成 2025-04-19 的 3 次提交
2025-12-23 15:10:47,314 - INFO - 生成 2025-04-20 的 3 次提交
2025-12-23 15:10:47,350 - INFO - 生成 2025-04-21 的 4 次提交
2025-12-23 15:10:47,399 - INFO - 生成 2025-04-22 的 5 次提交
2025-12-23 15:10:47,456 - INFO - 生成 2025-04-23 的 4 次提交
2025-12-23 15:10:47,503 - INFO - 中断期: 2025-04-24 到 2025-04-25 (2 天)
2025-12-23 15:10:47,503 - INFO - 生成 2025-04-26 的 3 次提交
2025-12-23 15:10:47,537 - INFO - 生成 2025-04-27 的 3 次提交
2025-12-23 15:10:47,573 - INFO - 生成 2025-04-28 的 2 次提交
2025-12-23 15:10:47,595 - INFO - 生成 2025-04-29 的 5 次提交
2025-12-23 15:10:47,656 - INFO - 生成 2025-04-30 的 5 次提交
2025-12-23 15:10:47,713 - INFO - 中断期: 2025-05-01 到 2025-05-03 (3 天)
2025-12-23 15:10:47,714 - INFO - 生成 2025-05-04 的 5 次提交
2025-12-23 15:10:47,781 - INFO - 生成 2025-05-05 的 3 次提交
2025-12-23 15:10:47,823 - INFO - 生成 2025-05-06 的 2 次提交
2025-12-23 15:10:47,845 - INFO - 生成 2025-05-07 的 5 次提交
2025-12-23 15:10:47,903 - INFO - 生成 2025-05-08 的 5 次提交
2025-12-23 15:10:47,960 - INFO - 中断期: 2025-05-09 到 2025-05-11 (3 天)
2025-12-23 15:10:47,960 - INFO - 生成 2025-05-12 的 2 次提交
2025-12-23 15:10:47,989 - INFO - 生成 2025-05-13 的 2 次提交
2025-12-23 15:10:48,030 - INFO - 生成 2025-05-14 的 2 次提交
2025-12-23 15:10:48,078 - INFO - 生成 2025-05-15 的 5 次提交
2025-12-23 15:10:48,141 - INFO - 生成 2025-05-16 的 2 次提交
2025-12-23 15:10:48,172 - INFO - 生成 2025-05-17 的 5 次提交
2025-12-23 15:10:48,229 - INFO - 中断期: 2025-05-18 到 2025-05-19 (2 天)
2025-12-23 15:10:48,229 - INFO - 生成 2025-05-20 的 2 次提交
2025-12-23 15:10:48,252 - INFO - 生成 2025-05-21 的 2 次提交
2025-12-23 15:10:48,278 - INFO - 生成 2025-05-22 的 1 次提交
2025-12-23 15:10:48,294 - INFO - 生成 2025-05-23 的 1 次提交
2025-12-23 15:10:48,308 - INFO - 生成 2025-05-24 的 3 次提交
2025-12-23 15:10:48,355 - INFO - 生成 2025-05-25 的 3 次提交
2025-12-23 15:10:48,393 - INFO - 中断期: 2025-05-26 到 2025-05-27 (2 天)
2025-12-23 15:10:48,393 - INFO - 生成 2025-05-28 的 1 次提交
2025-12-23 15:10:48,406 - INFO - 生成 2025-05-29 的 2 次提交
2025-12-23 15:10:48,430 - INFO - 生成 2025-05-30 的 5 次提交
2025-12-23 15:10:48,485 - INFO - 生成 2025-05-31 的 2 次提交
2025-12-23 15:10:48,508 - INFO - 生成 2025-06-01 的 4 次提交
2025-12-23 15:10:48,555 - INFO - 生成 2025-06-02 的 4 次提交
2025-12-23 15:10:48,603 - INFO - 生成 2025-06-03 的 2 次提交
2025-12-23 15:10:48,625 - INFO - 生成 2025-06-04 的 2 次提交
2025-12-23 15:10:48,648 - INFO - 中断期: 2025-06-05 到 2025-06-06 (2 天)
2025-12-23 15:10:48,648 - INFO - 生成 2025-06-07 的 1 次提交
2025-12-23 15:10:48,660 - INFO - 生成 2025-06-08 的 1 次提交
2025-12-23 15:10:48,672 - INFO - 生成 2025-06-09 的 3 次提交
2025-12-23 15:10:48,707 - INFO - 生成 2025-06-10 的 5 次提交
2025-12-23 15:10:48,766 - INFO - 生成 2025-06-11 的 3 次提交
2025-12-23 15:10:48,802 - INFO - 中断期: 2025-06-12 到 2025-06-12 (1 天)
2025-12-23 15:10:48,802 - INFO - 生成 2025-06-13 的 2 次提交
2025-12-23 15:10:48,825 - INFO - 生成 2025-06-14 的 2 次提交
2025-12-23 15:10:48,847 - INFO - 生成 2025-06-15 的 4 次提交
2025-12-23 15:10:48,895 - INFO - 生成 2025-06-16 的 1 次提交
2025-12-23 15:10:48,907 - INFO - 生成 2025-06-17 的 4 次提交
2025-12-23 15:10:48,954 - INFO - 生成 2025-06-18 的 1 次提交
2025-12-23 15:10:48,966 - INFO - 生成 2025-06-19 的 4 次提交
2025-12-23 15:10:49,021 - INFO - 生成 2025-06-20 的 5 次提交
2025-12-23 15:10:49,102 - INFO - 中断期: 2025-06-21 到 2025-06-21 (1 天)
2025-12-23 15:10:49,103 - INFO - 生成 2025-06-22 的 1 次提交
2025-12-23 15:10:49,122 - INFO - 生成 2025-06-23 的 4 次提交
2025-12-23 15:10:49,269 - INFO - 生成 2025-06-24 的 2 次提交
2025-12-23 15:10:49,313 - INFO - 生成 2025-06-25 的 2 次提交
2025-12-23 15:10:49,351 - INFO - 生成 2025-06-26 的 5 次提交
2025-12-23 15:10:49,410 - INFO - 中断期: 2025-06-27 到 2025-06-27 (1 天)
2025-12-23 15:10:49,411 - INFO - 生成 2025-06-28 的 3 次提交
2025-12-23 15:10:49,446 - INFO - 生成 2025-06-29 的 5 次提交
2025-12-23 15:10:49,514 - INFO - 生成 2025-06-30 的 5 次提交
2025-12-23 15:10:49,571 - INFO - 生成 2025-07-01 的 3 次提交
2025-12-23 15:10:49,606 - INFO - 生成 2025-07-02 的 5 次提交
2025-12-23 15:10:49,676 - INFO - 生成 2025-07-03 的 3 次提交
2025-12-23 15:10:49,719 - INFO - 中断期: 2025-07-04 到 2025-07-06 (3 天)
2025-12-23 15:10:49,720 - INFO - 生成 2025-07-07 的 1 次提交
2025-12-23 15:10:49,732 - INFO - 生成 2025-07-08 的 1 次提交
2025-12-23 15:10:49,743 - INFO - 生成 2025-07-09 的 1 次提交
2025-12-23 15:10:49,755 - INFO - 生成 2025-07-10 的 3 次提交
2025-12-23 15:10:49,790 - INFO - 生成 2025-07-11 的 5 次提交
2025-12-23 15:10:49,848 - INFO - 生成 2025-07-12 的 1 次提交
2025-12-23 15:10:49,862 - INFO - 生成 2025-07-13 的 1 次提交
2025-12-23 15:10:49,876 - INFO - 中断期: 2025-07-14 到 2025-07-14 (1 天)
2025-12-23 15:10:49,876 - INFO - 生成 2025-07-15 的 3 次提交
2025-12-23 15:10:49,912 - INFO - 生成 2025-07-16 的 5 次提交
2025-12-23 15:10:49,971 - INFO - 生成 2025-07-17 的 3 次提交
2025-12-23 15:10:50,005 - INFO - 生成 2025-07-18 的 3 次提交
2025-12-23 15:10:50,040 - INFO - 生成 2025-07-19 的 5 次提交
2025-12-23 15:10:50,096 - INFO - 生成 2025-07-20 的 3 次提交
2025-12-23 15:10:50,133 - INFO - 中断期: 2025-07-21 到 2025-07-21 (1 天)
2025-12-23 15:10:50,134 - INFO - 生成 2025-07-22 的 5 次提交
2025-12-23 15:10:50,195 - INFO - 生成 2025-07-23 的 4 次提交
2025-12-23 15:10:50,243 - INFO - 生成 2025-07-24 的 2 次提交
2025-12-23 15:10:50,269 - INFO - 生成 2025-07-25 的 1 次提交
2025-12-23 15:10:50,282 - INFO - 生成 2025-07-26 的 5 次提交
2025-12-23 15:10:50,341 - INFO - 生成 2025-07-27 的 1 次提交
2025-12-23 15:10:50,358 - INFO - 中断期: 2025-07-28 到 2025-07-28 (1 天)
2025-12-23 15:10:50,358 - INFO - 生成 2025-07-29 的 5 次提交
2025-12-23 15:10:50,438 - INFO - 生成 2025-07-30 的 4 次提交
2025-12-23 15:10:50,487 - INFO - 生成 2025-07-31 的 3 次提交
2025-12-23 15:10:50,520 - INFO - 生成 2025-08-01 的 5 次提交
2025-12-23 15:10:50,579 - INFO - 中断期: 2025-08-02 到 2025-08-03 (2 天)
2025-12-23 15:10:50,579 - INFO - 生成 2025-08-04 的 4 次提交
2025-12-23 15:10:50,624 - INFO - 生成 2025-08-05 的 5 次提交
2025-12-23 15:10:50,683 - INFO - 生成 2025-08-06 的 2 次提交
2025-12-23 15:10:50,707 - INFO - 生成 2025-08-07 的 5 次提交
2025-12-23 15:10:50,764 - INFO - 生成 2025-08-08 的 1 次提交
2025-12-23 15:10:50,775 - INFO - 生成 2025-08-09 的 3 次提交
2025-12-23 15:10:50,814 - INFO - 生成 2025-08-10 的 2 次提交
2025-12-23 15:10:50,839 - INFO - 中断期: 2025-08-11 到 2025-08-12 (2 天)
2025-12-23 15:10:50,839 - INFO - 生成 2025-08-13 的 3 次提交
2025-12-23 15:10:50,873 - INFO - 生成 2025-08-14 的 4 次提交
2025-12-23 15:10:50,923 - INFO - 生成 2025-08-15 的 3 次提交
2025-12-23 15:10:50,960 - INFO - 生成 2025-08-16 的 1 次提交
2025-12-23 15:10:50,972 - INFO - 生成 2025-08-17 的 4 次提交
2025-12-23 15:10:51,021 - INFO - 中断期: 2025-08-18 到 2025-08-20 (3 天)
2025-12-23 15:10:51,021 - INFO - 生成 2025-08-21 的 1 次提交
2025-12-23 15:10:51,033 - INFO - 生成 2025-08-22 的 1 次提交
2025-12-23 15:10:51,046 - INFO - 生成 2025-08-23 的 5 次提交
2025-12-23 15:10:51,104 - INFO - 生成 2025-08-24 的 1 次提交
2025-12-23 15:10:51,116 - INFO - 生成 2025-08-25 的 5 次提交
2025-12-23 15:10:51,177 - INFO - 生成 2025-08-26 的 1 次提交
2025-12-23 15:10:51,189 - INFO - 中断期: 2025-08-27 到 2025-08-29 (3 天)
2025-12-23 15:10:51,189 - INFO - 生成 2025-08-30 的 2 次提交
2025-12-23 15:10:51,211 - INFO - 生成 2025-08-31 的 4 次提交
2025-12-23 15:10:51,260 - INFO - 生成 2025-09-01 的 3 次提交
2025-12-23 15:10:51,295 - INFO - 生成 2025-09-02 的 2 次提交
2025-12-23 15:10:51,321 - INFO - 生成 2025-09-03 的 4 次提交
2025-12-23 15:10:51,368 - INFO - 生成 2025-09-04 的 1 次提交
2025-12-23 15:10:51,385 - INFO - 生成 2025-09-05 的 2 次提交
2025-12-23 15:10:51,410 - INFO - 中断期: 2025-09-06 到 2025-09-08 (3 天)
2025-12-23 15:10:51,410 - INFO - 生成 2025-09-09 的 5 次提交
2025-12-23 15:10:51,470 - INFO - 生成 2025-09-10 的 4 次提交
2025-12-23 15:10:51,516 - INFO - 生成 2025-09-11 的 5 次提交
2025-12-23 15:10:51,572 - INFO - 生成 2025-09-12 的 3 次提交
2025-12-23 15:10:51,608 - INFO - 生成 2025-09-13 的 3 次提交
2025-12-23 15:10:51,644 - INFO - 中断期: 2025-09-14 到 2025-09-14 (1 天)
2025-12-23 15:10:51,644 - INFO - 生成 2025-09-15 的 5 次提交
2025-12-23 15:10:51,705 - INFO - 生成 2025-09-16 的 2 次提交
2025-12-23 15:10:51,731 - INFO - 生成 2025-09-17 的 4 次提交
2025-12-23 15:10:51,778 - INFO - 生成 2025-09-18 的 2 次提交
2025-12-23 15:10:51,804 - INFO - 生成 2025-09-19 的 1 次提交
2025-12-23 15:10:51,817 - INFO - 生成 2025-09-20 的 3 次提交
2025-12-23 15:10:51,850 - INFO - 生成 2025-09-21 的 1 次提交
2025-12-23 15:10:51,864 - INFO - 生成 2025-09-22 的 3 次提交
2025-12-23 15:10:51,903 - INFO - 中断期: 2025-09-23 到 2025-09-23 (1 天)
2025-12-23 15:10:51,903 - INFO - 生成 2025-09-24 的 1 次提交
2025-12-23 15:10:51,918 - INFO - 生成 2025-09-25 的 5 次提交
2025-12-23 15:10:51,978 - INFO - 生成 2025-09-26 的 5 次提交
2025-12-23 15:10:52,037 - INFO - 生成 2025-09-27 的 5 次提交
2025-12-23 15:10:52,093 - INFO - 生成 2025-09-28 的 3 次提交
2025-12-23 15:10:52,125 - INFO - 生成 2025-09-29 的 4 次提交
2025-12-23 15:10:52,173 - INFO - 中断期: 2025-09-30 到 2025-09-30 (1 天)
2025-12-23 15:10:52,173 - INFO - 生成 2025-10-01 的 2 次提交
2025-12-23 15:10:52,197 - INFO - 生成 2025-10-02 的 1 次提交
2025-12-23 15:10:52,210 - INFO - 生成 2025-10-03 的 3 次提交
2025-12-23 15:10:52,246 - INFO - 生成 2025-10-04 的 2 次提交
2025-12-23 15:10:52,268 - INFO - 生成 2025-10-05 的 5 次提交
2025-12-23 15:10:52,331 - INFO - 中断期: 2025-10-06 到 2025-10-07 (2 天)
2025-12-23 15:10:52,332 - INFO - 生成 2025-10-08 的 5 次提交
2025-12-23 15:10:52,393 - INFO - 生成 2025-10-09 的 5 次提交
2025-12-23 15:10:52,458 - INFO - 生成 2025-10-10 的 4 次提交
2025-12-23 15:10:52,520 - INFO - 生成 2025-10-11 的 4 次提交
2025-12-23 15:10:52,566 - INFO - 生成 2025-10-12 的 1 次提交
2025-12-23 15:10:52,580 - INFO - 中断期: 2025-10-13 到 2025-10-15 (3 天)
2025-12-23 15:10:52,580 - INFO - 生成 2025-10-16 的 1 次提交
2025-12-23 15:10:52,592 - INFO - 生成 2025-10-17 的 3 次提交
2025-12-23 15:10:52,626 - INFO - 生成 2025-10-18 的 2 次提交
2025-12-23 15:10:52,651 - INFO - 生成 2025-10-19 的 3 次提交
2025-12-23 15:10:52,687 - INFO - 生成 2025-10-20 的 4 次提交
2025-12-23 15:10:52,738 - INFO - 生成 2025-10-21 的 5 次提交
2025-12-23 15:10:52,802 - INFO - 生成 2025-10-22 的 5 次提交
2025-12-23 15:10:52,881 - INFO - 中断期: 2025-10-23 到 2025-10-24 (2 天)
2025-12-23 15:10:52,881 - INFO - 生成 2025-10-25 的 3 次提交
2025-12-23 15:10:52,923 - INFO - 生成 2025-10-26 的 2 次提交
2025-12-23 15:10:52,945 - INFO - 生成 2025-10-27 的 3 次提交
2025-12-23 15:10:52,984 - INFO - 生成 2025-10-28 的 4 次提交
2025-12-23 15:10:53,056 - INFO - 中断期: 2025-10-29 到 2025-10-29 (1 天)
2025-12-23 15:10:53,056 - INFO - 生成 2025-10-30 的 2 次提交
2025-12-23 15:10:53,085 - INFO - 生成 2025-10-31 的 5 次提交
2025-12-23 15:10:53,144 - INFO - 生成 2025-11-01 的 4 次提交
2025-12-23 15:10:53,211 - INFO - 生成 2025-11-02 的 3 次提交
2025-12-23 15:10:53,246 - INFO - 生成 2025-11-03 的 1 次提交
2025-12-23 15:10:53,258 - INFO - 中断期: 2025-11-04 到 2025-11-04 (1 天)
2025-12-23 15:10:53,258 - INFO - 生成 2025-11-05 的 1 次提交
2025-12-23 15:10:53,272 - INFO - 生成 2025-11-06 的 1 次提交
2025-12-23 15:10:53,284 - INFO - 生成 2025-11-07 的 1 次提交
2025-12-23 15:10:53,297 - INFO - 生成 2025-11-08 的 3 次提交
2025-12-23 15:10:53,332 - INFO - 生成 2025-11-09 的 2 次提交
2025-12-23 15:10:53,355 - INFO - 生成 2025-11-10 的 4 次提交
2025-12-23 15:10:53,410 - INFO - 生成 2025-11-11 的 5 次提交
2025-12-23 15:10:53,467 - INFO - 生成 2025-11-12 的 2 次提交
2025-12-23 15:10:53,492 - INFO - 中断期: 2025-11-13 到 2025-11-13 (1 天)
2025-12-23 15:10:53,492 - INFO - 生成 2025-11-14 的 5 次提交
2025-12-23 15:10:53,550 - INFO - 生成 2025-11-15 的 5 次提交
2025-12-23 15:10:53,618 - INFO - 生成 2025-11-16 的 5 次提交
2025-12-23 15:10:53,678 - INFO - 生成 2025-11-17 的 1 次提交
2025-12-23 15:10:53,691 - INFO - 中断期: 2025-11-18 到 2025-11-20 (3 天)
2025-12-23 15:10:53,691 - INFO - 生成 2025-11-21 的 1 次提交
2025-12-23 15:10:53,704 - INFO - 生成 2025-11-22 的 5 次提交
2025-12-23 15:10:53,763 - INFO - 生成 2025-11-23 的 5 次提交
2025-12-23 15:10:53,826 - INFO - 生成 2025-11-24 的 1 次提交
2025-12-23 15:10:53,838 - INFO - 生成 2025-11-25 的 2 次提交
2025-12-23 15:10:53,861 - INFO - 生成 2025-11-26 的 5 次提交
2025-12-23 15:10:53,923 - INFO - 生成 2025-11-27 的 3 次提交
2025-12-23 15:10:53,961 - INFO - 中断期: 2025-11-28 到 2025-11-29 (2 天)
2025-12-23 15:10:53,961 - INFO - 生成 2025-11-30 的 5 次提交
2025-12-23 15:10:54,036 - INFO - 生成 2025-12-01 的 2 次提交
2025-12-23 15:10:54,072 - INFO - 生成 2025-12-02 的 5 次提交
2025-12-23 15:10:54,133 - INFO - 生成 2025-12-03 的 4 次提交
2025-12-23 15:10:54,179 - INFO - 生成 2025-12-04 的 4 次提交
2025-12-23 15:10:54,234 - INFO - 中断期: 2025-12-05 到 2025-12-06 (2 天)
2025-12-23 15:10:54,234 - INFO - 生成 2025-12-07 的 3 次提交
2025-12-23 15:10:54,271 - INFO - 生成 2025-12-08 的 4 次提交
2025-12-23 15:10:54,317 - INFO - 生成 2025-12-09 的 2 次提交
2025-12-23 15:10:54,342 - INFO - 生成 2025-12-10 的 4 次提交
2025-12-23 15:10:54,402 - INFO - 生成 2025-12-11 的 5 次提交
2025-12-23 15:10:54,472 - INFO - 生成 2025-12-12 的 5 次提交
2025-12-23 15:10:54,536 - INFO - 生成 2025-12-13 的 5 次提交
2025-12-23 15:10:54,612 - INFO - 中断期: 2025-12-14 到 2025-12-15 (2 天)
2025-12-23 15:10:54,612 - INFO - 生成 2025-12-16 的 4 次提交
2025-12-23 15:10:54,671 - INFO - 生成 2025-12-17 的 4 次提交
2025-12-23 15:10:54,719 - INFO - 生成 2025-12-18 的 2 次提交
2025-12-23 15:10:54,756 - INFO - 生成 2025-12-19 的 2 次提交
2025-12-23 15:10:54,798 - INFO - 生成 2025-12-20 的 2 次提交
2025-12-23 15:10:54,823 - INFO - 中断期: 2025-12-21 到 2025-12-21 (1 天)
2025-12-23 15:10:54,823 - INFO - 生成 2025-12-22 的 1 次提交
2025-12-23 15:10:54,835 - INFO - 生成 2025-12-23 的 3 次提交
2025-12-23 15:10:54,872 - INFO - 真实贡献模式生成完成，总共 3249 次提交
